<?xml version="1.0" encoding="utf-8"?>
<CoverageSession xmlns:xsd="http://www.w3.org/2001/XMLSchema" xmlns:xsi="http://www.w3.org/2001/XMLSchema-instance" Version="4.7.922.0">
  <Summary numSequencePoints="510" visitedSequencePoints="120" numBranchPoints="80" visitedBranchPoints="18" sequenceCoverage="23.53" branchCoverage="22.5" maxCyclomaticComplexity="7" minCyclomaticComplexity="1" maxCrapScore="56" minCrapScore="1" visitedClasses="4" numClasses="9" visitedMethods="14" numMethods="46" />
  <Modules>
    <Module hash="66-F9-3E-05-39-B0-20-50-E1-49-D5-32-62-D5-7B-3A-8F-CB-E4-1B">
      <Summary numSequencePoints="11" visitedSequencePoints="2" numBranchPoints="1" visitedBranchPoints="1" sequenceCoverage="18.18" branchCoverage="100" maxCyclomaticComplexity="1" minCyclomaticComplexity="1" maxCrapScore="2" minCrapScore="1.55" visitedClasses="1" numClasses="1" visitedMethods="1" numMethods="1" />
      <ModulePath>C:\Users\gjuna\Source\Repos\Projekt-Quiz\KvizTests\bin\Debug\fine-code-coverage\build-output\KvizTests.dll</ModulePath>
      <ModuleTime>2023-01-14T19:47:59.3072618Z</ModuleTime>
      <ModuleName>KvizTests</ModuleName>
      <Files>
        <File uid="1" fullPath="C:\Users\gjuna\Source\Repos\Projekt-Quiz\KvizTests\Form1Tests.cs" />
      </Files>
      <Classes>
        <Class>
          <Summary numSequencePoints="11" visitedSequencePoints="2" numBranchPoints="1" visitedBranchPoints="1" sequenceCoverage="18.18" branchCoverage="100" maxCyclomaticComplexity="1" minCyclomaticComplexity="1" maxCrapScore="2" minCrapScore="1.55" visitedClasses="1" numClasses="1" visitedMethods="1" numMethods="1" />
          <FullName>Kviz.Tests.Form1Tests</FullName>
          <Methods>
            <Method visited="true" cyclomaticComplexity="1" nPathComplexity="0" sequenceCoverage="18.18" branchCoverage="100" crapScore="1.55" isConstructor="false" isStatic="false" isGetter="false" isSetter="false">
              <Summary numSequencePoints="11" visitedSequencePoints="2" numBranchPoints="1" visitedBranchPoints="1" sequenceCoverage="18.18" branchCoverage="100" maxCyclomaticComplexity="1" minCyclomaticComplexity="1" maxCrapScore="1.55" minCrapScore="1.55" visitedClasses="0" numClasses="0" visitedMethods="1" numMethods="1" />
              <MetadataToken>100663297</MetadataToken>
              <Name>System.Void Kviz.Tests.Form1Tests::KalkulirajRezultatTest()</Name>
              <FileRef uid="1" />
              <SequencePoints>
                <SequencePoint vc="1" uspid="1" ordinal="0" offset="0" sl="16" sc="9" el="16" ec="10" bec="0" bev="0" fileid="1" />
                <SequencePoint vc="1" uspid="2" ordinal="1" offset="1" sl="17" sc="13" el="17" ec="38" bec="0" bev="0" fileid="1" />
                <SequencePoint vc="0" uspid="3" ordinal="2" offset="7" sl="18" sc="13" el="18" ec="87" bec="0" bev="0" fileid="1" />
                <SequencePoint vc="0" uspid="4" ordinal="3" offset="26" sl="19" sc="13" el="19" ec="62" bec="0" bev="0" fileid="1" />
                <SequencePoint vc="0" uspid="5" ordinal="4" offset="38" sl="20" sc="13" el="20" ec="59" bec="0" bev="0" fileid="1" />
                <SequencePoint vc="0" uspid="6" ordinal="5" offset="61" sl="21" sc="13" el="21" ec="58" bec="0" bev="0" fileid="1" />
                <SequencePoint vc="0" uspid="7" ordinal="6" offset="84" sl="24" sc="13" el="24" ec="94" bec="0" bev="0" fileid="1" />
                <SequencePoint vc="0" uspid="8" ordinal="7" offset="103" sl="25" sc="13" el="25" ec="65" bec="0" bev="0" fileid="1" />
                <SequencePoint vc="0" uspid="9" ordinal="8" offset="115" sl="26" sc="13" el="26" ec="62" bec="0" bev="0" fileid="1" />
                <SequencePoint vc="0" uspid="10" ordinal="9" offset="138" sl="27" sc="13" el="27" ec="61" bec="0" bev="0" fileid="1" />
                <SequencePoint vc="0" uspid="11" ordinal="10" offset="161" sl="28" sc="9" el="28" ec="10" bec="0" bev="0" fileid="1" />
              </SequencePoints>
              <BranchPoints />
              <MethodPoint xsi:type="SequencePoint" vc="1" uspid="1" ordinal="0" offset="0" sl="16" sc="9" el="16" ec="10" bec="0" bev="0" fileid="1" />
            </Method>
            <Method visited="false" cyclomaticComplexity="1" nPathComplexity="0" sequenceCoverage="0" branchCoverage="0" crapScore="2" isConstructor="true" isStatic="false" isGetter="false" isSetter="false">
              <Summary numSequencePoints="0" visitedSequencePoints="0" numBranchPoints="0" visitedBranchPoints="0" sequenceCoverage="0" branchCoverage="0" maxCyclomaticComplexity="1" minCyclomaticComplexity="1" maxCrapScore="2" minCrapScore="2" visitedClasses="0" numClasses="0" visitedMethods="0" numMethods="0" />
              <MetadataToken>100663298</MetadataToken>
              <Name>System.Void Kviz.Tests.Form1Tests::.ctor()</Name>
              <SequencePoints />
              <BranchPoints />
              <MethodPoint vc="0" uspid="12" ordinal="0" offset="0" />
            </Method>
          </Methods>
        </Class>
      </Classes>
    </Module>
    <Module hash="9D-F3-B8-EB-9E-6F-E4-D4-97-43-68-AA-39-64-22-70-6B-13-3C-AD">
      <Summary numSequencePoints="499" visitedSequencePoints="118" numBranchPoints="79" visitedBranchPoints="17" sequenceCoverage="23.65" branchCoverage="21.52" maxCyclomaticComplexity="7" minCyclomaticComplexity="1" maxCrapScore="56" minCrapScore="1" visitedClasses="3" numClasses="8" visitedMethods="13" numMethods="45" />
      <ModulePath>C:\Users\gjuna\Source\Repos\Projekt-Quiz\KvizTests\bin\Debug\fine-code-coverage\build-output\Kviz.exe</ModulePath>
      <ModuleTime>2023-01-14T19:47:58.7856569Z</ModuleTime>
      <ModuleName>Kviz</ModuleName>
      <Files>
        <File uid="3" fullPath="C:\Users\gjuna\Source\Repos\Projekt-Quiz\Kviz\Form1.cs" />
        <File uid="4" fullPath="C:\Users\gjuna\Source\Repos\Projekt-Quiz\Kviz\Form1.Designer.cs" />
        <File uid="5" fullPath="C:\Users\gjuna\Source\Repos\Projekt-Quiz\Kviz\GameOver prikaz.Designer.cs" />
        <File uid="6" fullPath="C:\Users\gjuna\Source\Repos\Projekt-Quiz\Kviz\GameOver prikaz.cs" />
        <File uid="7" fullPath="C:\Users\gjuna\Source\Repos\Projekt-Quiz\Kviz\Pitanje.cs" />
        <File uid="8" fullPath="C:\Users\gjuna\Source\Repos\Projekt-Quiz\Kviz\PocetniPrikaz.cs" />
        <File uid="9" fullPath="C:\Users\gjuna\Source\Repos\Projekt-Quiz\Kviz\PocetniPrikaz.Designer.cs" />
        <File uid="10" fullPath="C:\Users\gjuna\Source\Repos\Projekt-Quiz\Kviz\Program.cs" />
        <File uid="11" fullPath="C:\Users\gjuna\Source\Repos\Projekt-Quiz\Kviz\Rezultat.cs" />
        <File uid="12" fullPath="C:\Users\gjuna\Source\Repos\Projekt-Quiz\Kviz\SveOdgovorenoForma.cs" />
        <File uid="13" fullPath="C:\Users\gjuna\Source\Repos\Projekt-Quiz\Kviz\SveOdgovorenoForma.Designer.cs" />
        <File uid="14" fullPath="C:\Users\gjuna\Source\Repos\Projekt-Quiz\Kviz\Button_WOC.cs" />
      </Files>
      <Classes>
        <Class>
          <Summary numSequencePoints="170" visitedSequencePoints="6" numBranchPoints="22" visitedBranchPoints="4" sequenceCoverage="3.53" branchCoverage="18.18" maxCyclomaticComplexity="3" minCyclomaticComplexity="1" maxCrapScore="12" minCrapScore="1.42" visitedClasses="1" numClasses="1" visitedMethods="2" numMethods="8" />
          <FullName>Kviz.Form1</FullName>
          <Methods>
            <Method visited="true" cyclomaticComplexity="1" nPathComplexity="0" sequenceCoverage="25" branchCoverage="100" crapScore="1.42" isConstructor="true" isStatic="false" isGetter="false" isSetter="false">
              <Summary numSequencePoints="8" visitedSequencePoints="2" numBranchPoints="1" visitedBranchPoints="1" sequenceCoverage="25" branchCoverage="100" maxCyclomaticComplexity="1" minCyclomaticComplexity="1" maxCrapScore="1.42" minCrapScore="1.42" visitedClasses="0" numClasses="0" visitedMethods="1" numMethods="1" />
              <MetadataToken>100663297</MetadataToken>
              <Name>System.Void Kviz.Form1::.ctor()</Name>
              <FileRef uid="3" />
              <SequencePoints>
                <SequencePoint vc="1" uspid="13" ordinal="0" offset="0" sl="12" sc="9" el="12" ec="30" bec="0" bev="0" fileid="3" />
                <SequencePoint vc="1" uspid="14" ordinal="1" offset="7" sl="18" sc="9" el="18" ec="50" bec="0" bev="0" fileid="3" />
                <SequencePoint vc="0" uspid="15" ordinal="2" offset="18" sl="20" sc="9" el="20" ec="51" bec="0" bev="0" fileid="3" />
                <SequencePoint vc="0" uspid="16" ordinal="3" offset="29" sl="9" sc="9" el="9" ec="68" bec="0" bev="0" fileid="4" />
                <SequencePoint vc="0" uspid="17" ordinal="4" offset="36" sl="22" sc="9" el="22" ec="23" bec="0" bev="0" fileid="3" />
                <SequencePoint vc="0" uspid="18" ordinal="5" offset="43" sl="23" sc="9" el="23" ec="10" bec="0" bev="0" fileid="3" />
                <SequencePoint vc="0" uspid="19" ordinal="6" offset="44" sl="24" sc="13" el="24" ec="35" bec="0" bev="0" fileid="3" />
                <SequencePoint vc="0" uspid="20" ordinal="7" offset="51" sl="25" sc="9" el="25" ec="10" bec="0" bev="0" fileid="3" />
              </SequencePoints>
              <BranchPoints />
              <MethodPoint xsi:type="SequencePoint" vc="1" uspid="13" ordinal="0" offset="0" sl="12" sc="9" el="12" ec="30" bec="0" bev="0" fileid="3" />
            </Method>
            <Method visited="false" cyclomaticComplexity="3" nPathComplexity="4" sequenceCoverage="0" branchCoverage="0" crapScore="12" isConstructor="false" isStatic="false" isGetter="false" isSetter="false">
              <Summary numSequencePoints="22" visitedSequencePoints="0" numBranchPoints="5" visitedBranchPoints="0" sequenceCoverage="0" branchCoverage="0" maxCyclomaticComplexity="3" minCyclomaticComplexity="3" maxCrapScore="12" minCrapScore="12" visitedClasses="0" numClasses="0" visitedMethods="0" numMethods="1" />
              <MetadataToken>100663298</MetadataToken>
              <Name>System.Void Kviz.Form1::Form1_Load(System.Object,System.EventArgs)</Name>
              <FileRef uid="3" />
              <SequencePoints>
                <SequencePoint vc="0" uspid="21" ordinal="0" offset="0" sl="28" sc="9" el="28" ec="10" bec="0" bev="0" fileid="3" />
                <SequencePoint vc="0" uspid="22" ordinal="1" offset="1" sl="29" sc="13" el="29" ec="59" bec="0" bev="0" fileid="3" />
                <SequencePoint vc="0" uspid="23" ordinal="2" offset="7" sl="31" sc="13" el="31" ec="43" bec="2" bev="0" fileid="3" />
                <SequencePoint vc="0" uspid="24" ordinal="3" offset="20" sl="32" sc="13" el="32" ec="14" bec="0" bev="0" fileid="3" />
                <SequencePoint vc="0" uspid="25" ordinal="4" offset="21" sl="33" sc="17" el="33" ec="64" bec="0" bev="0" fileid="3" />
                <SequencePoint vc="0" uspid="26" ordinal="5" offset="32" sl="34" sc="17" el="34" ec="24" bec="0" bev="0" fileid="3" />
                <SequencePoint vc="0" uspid="27" ordinal="6" offset="37" sl="36" sc="13" el="36" ec="58" bec="0" bev="0" fileid="3" />
                <SequencePoint vc="0" uspid="28" ordinal="7" offset="46" sl="39" sc="13" el="39" ec="14" bec="0" bev="0" fileid="3" />
                <SequencePoint vc="0" uspid="29" ordinal="8" offset="47" sl="40" sc="17" el="40" ec="50" bec="0" bev="0" fileid="3" />
                <SequencePoint vc="0" uspid="30" ordinal="9" offset="66" sl="42" sc="17" el="42" ec="41" bec="0" bev="0" fileid="3" />
                <SequencePoint vc="0" uspid="31" ordinal="10" offset="72" sl="43" sc="17" el="43" ec="38" bec="0" bev="0" fileid="3" />
                <SequencePoint vc="0" uspid="32" ordinal="11" offset="78" sl="44" sc="17" el="44" ec="38" bec="0" bev="0" fileid="3" />
                <SequencePoint vc="0" uspid="33" ordinal="12" offset="84" sl="45" sc="17" el="45" ec="38" bec="0" bev="0" fileid="3" />
                <SequencePoint vc="0" uspid="34" ordinal="13" offset="90" sl="46" sc="17" el="46" ec="38" bec="0" bev="0" fileid="3" />
                <SequencePoint vc="0" uspid="35" ordinal="14" offset="96" sl="47" sc="17" el="47" ec="35" bec="0" bev="0" fileid="3" />
                <SequencePoint vc="0" uspid="36" ordinal="15" offset="106" sl="49" sc="17" el="49" ec="94" bec="0" bev="0" fileid="3" />
                <SequencePoint vc="0" uspid="37" ordinal="16" offset="129" sl="51" sc="17" el="51" ec="40" bec="0" bev="0" fileid="3" />
                <SequencePoint vc="0" uspid="38" ordinal="17" offset="143" sl="52" sc="13" el="52" ec="14" bec="0" bev="0" fileid="3" />
                <SequencePoint vc="0" uspid="39" ordinal="18" offset="144" sl="38" sc="13" el="38" ec="53" bec="2" bev="0" fileid="3" />
                <SequencePoint vc="0" uspid="40" ordinal="19" offset="161" sl="54" sc="13" el="54" ec="26" bec="0" bev="0" fileid="3" />
                <SequencePoint vc="0" uspid="41" ordinal="20" offset="174" sl="55" sc="13" el="55" ec="61" bec="0" bev="0" fileid="3" />
                <SequencePoint vc="0" uspid="42" ordinal="21" offset="227" sl="56" sc="9" el="56" ec="10" bec="0" bev="0" fileid="3" />
              </SequencePoints>
              <BranchPoints>
                <BranchPoint vc="0" uspid="43" ordinal="0" offset="18" sl="31" path="0" offsetend="20" fileid="3" />
                <BranchPoint vc="0" uspid="44" ordinal="1" offset="18" sl="31" path="1" offsetend="37" fileid="3" />
                <BranchPoint vc="0" uspid="45" ordinal="2" offset="159" sl="38" path="0" offsetend="161" fileid="3" />
                <BranchPoint vc="0" uspid="46" ordinal="3" offset="159" sl="38" path="1" offsetend="46" fileid="3" />
              </BranchPoints>
              <MethodPoint xsi:type="SequencePoint" vc="0" uspid="21" ordinal="0" offset="0" sl="28" sc="9" el="28" ec="10" bec="0" bev="0" fileid="3" />
            </Method>
            <Method visited="false" cyclomaticComplexity="2" nPathComplexity="2" sequenceCoverage="0" branchCoverage="0" crapScore="6" isConstructor="false" isStatic="false" isGetter="false" isSetter="false">
              <Summary numSequencePoints="9" visitedSequencePoints="0" numBranchPoints="3" visitedBranchPoints="0" sequenceCoverage="0" branchCoverage="0" maxCyclomaticComplexity="2" minCyclomaticComplexity="2" maxCrapScore="6" minCrapScore="6" visitedClasses="0" numClasses="0" visitedMethods="0" numMethods="1" />
              <MetadataToken>100663299</MetadataToken>
              <Name>Kviz.Rezultat Kviz.Form1::KalkulirajRezultat(System.String,System.String,System.Int32,System.Int32)</Name>
              <FileRef uid="3" />
              <SequencePoints>
                <SequencePoint vc="0" uspid="47" ordinal="0" offset="0" sl="59" sc="9" el="59" ec="10" bec="0" bev="0" fileid="3" />
                <SequencePoint vc="0" uspid="48" ordinal="1" offset="1" sl="60" sc="13" el="60" ec="38" bec="2" bev="0" fileid="3" />
                <SequencePoint vc="0" uspid="49" ordinal="2" offset="12" sl="61" sc="13" el="61" ec="14" bec="0" bev="0" fileid="3" />
                <SequencePoint vc="0" uspid="50" ordinal="3" offset="13" sl="62" sc="17" el="62" ec="33" bec="0" bev="0" fileid="3" />
                <SequencePoint vc="0" uspid="51" ordinal="4" offset="18" sl="63" sc="17" el="63" ec="32" bec="0" bev="0" fileid="3" />
                <SequencePoint vc="0" uspid="52" ordinal="5" offset="24" sl="64" sc="17" el="64" ec="72" bec="0" bev="0" fileid="3" />
                <SequencePoint vc="0" uspid="53" ordinal="6" offset="36" sl="67" sc="13" el="67" ec="14" bec="0" bev="0" fileid="3" />
                <SequencePoint vc="0" uspid="54" ordinal="7" offset="37" sl="68" sc="17" el="68" ec="73" bec="0" bev="0" fileid="3" />
                <SequencePoint vc="0" uspid="55" ordinal="8" offset="49" sl="70" sc="9" el="70" ec="10" bec="0" bev="0" fileid="3" />
              </SequencePoints>
              <BranchPoints>
                <BranchPoint vc="0" uspid="56" ordinal="0" offset="10" sl="60" path="0" offsetend="12" fileid="3" />
                <BranchPoint vc="0" uspid="57" ordinal="1" offset="10" sl="60" path="1" offsetend="36" fileid="3" />
              </BranchPoints>
              <MethodPoint xsi:type="SequencePoint" vc="0" uspid="47" ordinal="0" offset="0" sl="59" sc="9" el="59" ec="10" bec="0" bev="0" fileid="3" />
            </Method>
            <Method visited="false" cyclomaticComplexity="3" nPathComplexity="4" sequenceCoverage="0" branchCoverage="0" crapScore="12" isConstructor="false" isStatic="false" isGetter="false" isSetter="false">
              <Summary numSequencePoints="27" visitedSequencePoints="0" numBranchPoints="5" visitedBranchPoints="0" sequenceCoverage="0" branchCoverage="0" maxCyclomaticComplexity="3" minCyclomaticComplexity="3" maxCrapScore="12" minCrapScore="12" visitedClasses="0" numClasses="0" visitedMethods="0" numMethods="1" />
              <MetadataToken>100663300</MetadataToken>
              <Name>System.Void Kviz.Form1::OdgovoriEvent(System.Object,System.EventArgs)</Name>
              <FileRef uid="3" />
              <SequencePoints>
                <SequencePoint vc="0" uspid="58" ordinal="0" offset="0" sl="75" sc="9" el="75" ec="10" bec="0" bev="0" fileid="3" />
                <SequencePoint vc="0" uspid="59" ordinal="1" offset="1" sl="76" sc="13" el="76" ec="47" bec="0" bev="0" fileid="3" />
                <SequencePoint vc="0" uspid="60" ordinal="2" offset="8" sl="78" sc="13" el="78" ec="110" bec="0" bev="0" fileid="3" />
                <SequencePoint vc="0" uspid="61" ordinal="3" offset="39" sl="80" sc="13" el="80" ec="47" bec="2" bev="0" fileid="3" />
                <SequencePoint vc="0" uspid="62" ordinal="4" offset="52" sl="81" sc="13" el="81" ec="14" bec="0" bev="0" fileid="3" />
                <SequencePoint vc="0" uspid="63" ordinal="5" offset="53" sl="82" sc="17" el="82" ec="56" bec="0" bev="0" fileid="3" />
                <SequencePoint vc="0" uspid="64" ordinal="6" offset="65" sl="83" sc="17" el="83" ec="54" bec="0" bev="0" fileid="3" />
                <SequencePoint vc="0" uspid="65" ordinal="7" offset="77" sl="84" sc="17" el="84" ec="65" bec="0" bev="0" fileid="3" />
                <SequencePoint vc="0" uspid="66" ordinal="8" offset="129" sl="86" sc="17" el="86" ec="48" bec="2" bev="0" fileid="3" />
                <SequencePoint vc="0" uspid="67" ordinal="9" offset="154" sl="87" sc="17" el="87" ec="18" bec="0" bev="0" fileid="3" />
                <SequencePoint vc="0" uspid="68" ordinal="10" offset="155" sl="88" sc="21" el="88" ec="34" bec="0" bev="0" fileid="3" />
                <SequencePoint vc="0" uspid="69" ordinal="11" offset="168" sl="89" sc="17" el="89" ec="18" bec="0" bev="0" fileid="3" />
                <SequencePoint vc="0" uspid="70" ordinal="12" offset="171" sl="91" sc="17" el="91" ec="18" bec="0" bev="0" fileid="3" />
                <SequencePoint vc="0" uspid="71" ordinal="13" offset="172" sl="93" sc="21" el="93" ec="74" bec="0" bev="0" fileid="3" />
                <SequencePoint vc="0" uspid="72" ordinal="14" offset="179" sl="94" sc="21" el="94" ec="41" bec="0" bev="0" fileid="3" />
                <SequencePoint vc="0" uspid="73" ordinal="15" offset="187" sl="95" sc="21" el="95" ec="50" bec="0" bev="0" fileid="3" />
                <SequencePoint vc="0" uspid="74" ordinal="16" offset="200" sl="96" sc="21" el="96" ec="34" bec="0" bev="0" fileid="3" />
                <SequencePoint vc="0" uspid="75" ordinal="17" offset="207" sl="97" sc="17" el="97" ec="18" bec="0" bev="0" fileid="3" />
                <SequencePoint vc="0" uspid="76" ordinal="18" offset="208" sl="98" sc="13" el="98" ec="14" bec="0" bev="0" fileid="3" />
                <SequencePoint vc="0" uspid="77" ordinal="19" offset="211" sl="100" sc="13" el="100" ec="14" bec="0" bev="0" fileid="3" />
                <SequencePoint vc="0" uspid="78" ordinal="20" offset="212" sl="102" sc="17" el="102" ec="30" bec="0" bev="0" fileid="3" />
                <SequencePoint vc="0" uspid="79" ordinal="21" offset="219" sl="103" sc="17" el="103" ec="71" bec="0" bev="0" fileid="3" />
                <SequencePoint vc="0" uspid="80" ordinal="22" offset="226" sl="104" sc="17" el="104" ec="106" bec="0" bev="0" fileid="3" />
                <SequencePoint vc="0" uspid="81" ordinal="23" offset="284" sl="105" sc="17" el="105" ec="44" bec="0" bev="0" fileid="3" />
                <SequencePoint vc="0" uspid="82" ordinal="24" offset="292" sl="106" sc="17" el="106" ec="46" bec="0" bev="0" fileid="3" />
                <SequencePoint vc="0" uspid="83" ordinal="25" offset="305" sl="109" sc="13" el="109" ec="14" bec="0" bev="0" fileid="3" />
                <SequencePoint vc="0" uspid="84" ordinal="26" offset="306" sl="110" sc="9" el="110" ec="10" bec="0" bev="0" fileid="3" />
              </SequencePoints>
              <BranchPoints>
                <BranchPoint vc="0" uspid="85" ordinal="0" offset="47" sl="80" path="0" offsetend="52" fileid="3" />
                <BranchPoint vc="0" uspid="86" ordinal="1" offset="47" sl="80" path="1" offsetend="211" fileid="3" />
                <BranchPoint vc="0" uspid="87" ordinal="2" offset="152" sl="86" path="0" offsetend="154" fileid="3" />
                <BranchPoint vc="0" uspid="88" ordinal="3" offset="152" sl="86" path="1" offsetend="171" fileid="3" />
              </BranchPoints>
              <MethodPoint xsi:type="SequencePoint" vc="0" uspid="58" ordinal="0" offset="0" sl="75" sc="9" el="75" ec="10" bec="0" bev="0" fileid="3" />
            </Method>
            <Method visited="false" cyclomaticComplexity="1" nPathComplexity="0" sequenceCoverage="0" branchCoverage="0" crapScore="2" isConstructor="false" isStatic="false" isGetter="false" isSetter="false">
              <Summary numSequencePoints="8" visitedSequencePoints="0" numBranchPoints="1" visitedBranchPoints="0" sequenceCoverage="0" branchCoverage="0" maxCyclomaticComplexity="1" minCyclomaticComplexity="1" maxCrapScore="2" minCrapScore="2" visitedClasses="0" numClasses="0" visitedMethods="0" numMethods="1" />
              <MetadataToken>100663301</MetadataToken>
              <Name>System.Void Kviz.Form1::Ispis(System.Collections.Generic.List`1&lt;Kviz.Pitanje&gt;)</Name>
              <FileRef uid="3" />
              <SequencePoints>
                <SequencePoint vc="0" uspid="89" ordinal="0" offset="0" sl="113" sc="9" el="113" ec="10" bec="0" bev="0" fileid="3" />
                <SequencePoint vc="0" uspid="90" ordinal="1" offset="1" sl="114" sc="13" el="114" ec="59" bec="0" bev="0" fileid="3" />
                <SequencePoint vc="0" uspid="91" ordinal="2" offset="30" sl="115" sc="13" el="115" ec="58" bec="0" bev="0" fileid="3" />
                <SequencePoint vc="0" uspid="92" ordinal="3" offset="59" sl="116" sc="13" el="116" ec="58" bec="0" bev="0" fileid="3" />
                <SequencePoint vc="0" uspid="93" ordinal="4" offset="88" sl="117" sc="13" el="117" ec="58" bec="0" bev="0" fileid="3" />
                <SequencePoint vc="0" uspid="94" ordinal="5" offset="117" sl="118" sc="13" el="118" ec="58" bec="0" bev="0" fileid="3" />
                <SequencePoint vc="0" uspid="95" ordinal="6" offset="146" sl="119" sc="13" el="119" ec="57" bec="0" bev="0" fileid="3" />
                <SequencePoint vc="0" uspid="96" ordinal="7" offset="169" sl="120" sc="9" el="120" ec="10" bec="0" bev="0" fileid="3" />
              </SequencePoints>
              <BranchPoints />
              <MethodPoint xsi:type="SequencePoint" vc="0" uspid="89" ordinal="0" offset="0" sl="113" sc="9" el="113" ec="10" bec="0" bev="0" fileid="3" />
            </Method>
            <Method visited="false" cyclomaticComplexity="2" nPathComplexity="0" sequenceCoverage="0" branchCoverage="0" crapScore="6" isConstructor="false" isStatic="false" isGetter="false" isSetter="false">
              <Summary numSequencePoints="6" visitedSequencePoints="0" numBranchPoints="1" visitedBranchPoints="0" sequenceCoverage="0" branchCoverage="0" maxCyclomaticComplexity="2" minCyclomaticComplexity="2" maxCrapScore="6" minCrapScore="6" visitedClasses="0" numClasses="0" visitedMethods="0" numMethods="1" />
              <MetadataToken>100663302</MetadataToken>
              <Name>System.Void Kviz.Form1::dodajRezultat(System.Int32)</Name>
              <FileRef uid="3" />
              <SequencePoints>
                <SequencePoint vc="0" uspid="97" ordinal="0" offset="0" sl="123" sc="9" el="123" ec="10" bec="0" bev="0" fileid="3" />
                <SequencePoint vc="0" uspid="98" ordinal="1" offset="1" sl="125" sc="20" el="125" ec="70" bec="0" bev="0" fileid="3" />
                <SequencePoint vc="0" uspid="99" ordinal="2" offset="12" sl="126" sc="13" el="126" ec="14" bec="0" bev="0" fileid="3" />
                <SequencePoint vc="0" uspid="100" ordinal="3" offset="13" sl="127" sc="17" el="127" ec="62" bec="0" bev="0" fileid="3" />
                <SequencePoint vc="0" uspid="101" ordinal="4" offset="43" sl="128" sc="13" el="128" ec="14" bec="0" bev="0" fileid="3" />
                <SequencePoint vc="0" uspid="102" ordinal="5" offset="57" sl="129" sc="9" el="129" ec="10" bec="0" bev="0" fileid="3" />
              </SequencePoints>
              <BranchPoints />
              <MethodPoint xsi:type="SequencePoint" vc="0" uspid="97" ordinal="0" offset="0" sl="123" sc="9" el="123" ec="10" bec="0" bev="0" fileid="3" />
            </Method>
            <Method visited="true" cyclomaticComplexity="3" nPathComplexity="4" sequenceCoverage="57.14" branchCoverage="60" crapScore="3.71" isConstructor="false" isStatic="false" isGetter="false" isSetter="false">
              <Summary numSequencePoints="7" visitedSequencePoints="4" numBranchPoints="5" visitedBranchPoints="3" sequenceCoverage="57.14" branchCoverage="60" maxCyclomaticComplexity="3" minCyclomaticComplexity="3" maxCrapScore="3.71" minCrapScore="3.71" visitedClasses="0" numClasses="0" visitedMethods="1" numMethods="1" />
              <MetadataToken>100663303</MetadataToken>
              <Name>System.Void Kviz.Form1::Dispose(System.Boolean)</Name>
              <FileRef uid="4" />
              <SequencePoints>
                <SequencePoint vc="1" uspid="103" ordinal="0" offset="0" sl="16" sc="9" el="16" ec="10" bec="0" bev="0" fileid="4" />
                <SequencePoint vc="1" uspid="104" ordinal="1" offset="1" sl="17" sc="13" el="17" ec="51" bec="4" bev="2" fileid="4" />
                <SequencePoint vc="0" uspid="105" ordinal="2" offset="20" sl="18" sc="13" el="18" ec="14" bec="0" bev="0" fileid="4" />
                <SequencePoint vc="0" uspid="106" ordinal="3" offset="21" sl="19" sc="17" el="19" ec="38" bec="0" bev="0" fileid="4" />
                <SequencePoint vc="0" uspid="107" ordinal="4" offset="33" sl="20" sc="13" el="20" ec="14" bec="0" bev="0" fileid="4" />
                <SequencePoint vc="1" uspid="108" ordinal="5" offset="34" sl="21" sc="13" el="21" ec="37" bec="0" bev="0" fileid="4" />
                <SequencePoint vc="1" uspid="109" ordinal="6" offset="42" sl="22" sc="9" el="22" ec="10" bec="0" bev="0" fileid="4" />
              </SequencePoints>
              <BranchPoints>
                <BranchPoint vc="0" uspid="110" ordinal="0" offset="2" sl="17" path="0" offsetend="4" fileid="4" />
                <BranchPoint vc="1" uspid="111" ordinal="1" offset="2" sl="17" path="1" offsetend="15" fileid="4" />
                <BranchPoint vc="0" uspid="112" ordinal="2" offset="18" sl="17" path="0" offsetend="20" fileid="4" />
                <BranchPoint vc="1" uspid="113" ordinal="3" offset="18" sl="17" path="1" offsetend="34" fileid="4" />
              </BranchPoints>
              <MethodPoint xsi:type="SequencePoint" vc="1" uspid="103" ordinal="0" offset="0" sl="16" sc="9" el="16" ec="10" bec="0" bev="0" fileid="4" />
            </Method>
            <Method visited="false" cyclomaticComplexity="1" nPathComplexity="0" sequenceCoverage="0" branchCoverage="0" crapScore="2" isConstructor="false" isStatic="false" isGetter="false" isSetter="false">
              <Summary numSequencePoints="83" visitedSequencePoints="0" numBranchPoints="1" visitedBranchPoints="0" sequenceCoverage="0" branchCoverage="0" maxCyclomaticComplexity="1" minCyclomaticComplexity="1" maxCrapScore="2" minCrapScore="2" visitedClasses="0" numClasses="0" visitedMethods="0" numMethods="1" />
              <MetadataToken>100663304</MetadataToken>
              <Name>System.Void Kviz.Form1::InitializeComponent()</Name>
              <FileRef uid="4" />
              <SequencePoints>
                <SequencePoint vc="0" uspid="114" ordinal="0" offset="0" sl="31" sc="9" el="31" ec="10" bec="0" bev="0" fileid="4" />
                <SequencePoint vc="0" uspid="115" ordinal="1" offset="1" sl="32" sc="13" el="32" ec="64" bec="0" bev="0" fileid="4" />
                <SequencePoint vc="0" uspid="116" ordinal="2" offset="12" sl="33" sc="13" el="33" ec="63" bec="0" bev="0" fileid="4" />
                <SequencePoint vc="0" uspid="117" ordinal="3" offset="23" sl="34" sc="13" el="34" ec="63" bec="0" bev="0" fileid="4" />
                <SequencePoint vc="0" uspid="118" ordinal="4" offset="34" sl="35" sc="13" el="35" ec="63" bec="0" bev="0" fileid="4" />
                <SequencePoint vc="0" uspid="119" ordinal="5" offset="45" sl="36" sc="13" el="36" ec="63" bec="0" bev="0" fileid="4" />
                <SequencePoint vc="0" uspid="120" ordinal="6" offset="56" sl="37" sc="13" el="37" ec="60" bec="0" bev="0" fileid="4" />
                <SequencePoint vc="0" uspid="121" ordinal="7" offset="67" sl="38" sc="13" el="38" ec="34" bec="0" bev="0" fileid="4" />
                <SequencePoint vc="0" uspid="122" ordinal="8" offset="74" sl="42" sc="13" el="42" ec="83" bec="0" bev="0" fileid="4" />
                <SequencePoint vc="0" uspid="123" ordinal="9" offset="91" sl="43" sc="13" el="43" ec="160" bec="0" bev="0" fileid="4" />
                <SequencePoint vc="0" uspid="124" ordinal="10" offset="125" sl="44" sc="13" el="44" ec="74" bec="0" bev="0" fileid="4" />
                <SequencePoint vc="0" uspid="125" ordinal="11" offset="146" sl="45" sc="13" el="45" ec="49" bec="0" bev="0" fileid="4" />
                <SequencePoint vc="0" uspid="126" ordinal="12" offset="163" sl="46" sc="13" el="46" ec="76" bec="0" bev="0" fileid="4" />
                <SequencePoint vc="0" uspid="127" ordinal="13" offset="182" sl="47" sc="13" el="47" ec="70" bec="0" bev="0" fileid="4" />
                <SequencePoint vc="0" uspid="128" ordinal="14" offset="209" sl="48" sc="13" el="48" ec="42" bec="0" bev="0" fileid="4" />
                <SequencePoint vc="0" uspid="129" ordinal="15" offset="222" sl="49" sc="13" el="49" ec="45" bec="0" bev="0" fileid="4" />
                <SequencePoint vc="0" uspid="130" ordinal="16" offset="239" sl="50" sc="13" el="50" ec="86" bec="0" bev="0" fileid="4" />
                <SequencePoint vc="0" uspid="131" ordinal="17" offset="253" sl="54" sc="13" el="54" ec="158" bec="0" bev="0" fileid="4" />
                <SequencePoint vc="0" uspid="132" ordinal="18" offset="287" sl="55" sc="13" el="55" ec="73" bec="0" bev="0" fileid="4" />
                <SequencePoint vc="0" uspid="133" ordinal="19" offset="311" sl="56" sc="13" el="56" ec="45" bec="0" bev="0" fileid="4" />
                <SequencePoint vc="0" uspid="134" ordinal="20" offset="328" sl="57" sc="13" el="57" ec="74" bec="0" bev="0" fileid="4" />
                <SequencePoint vc="0" uspid="135" ordinal="21" offset="347" sl="58" sc="13" el="58" ec="68" bec="0" bev="0" fileid="4" />
                <SequencePoint vc="0" uspid="136" ordinal="22" offset="371" sl="59" sc="13" el="59" ec="40" bec="0" bev="0" fileid="4" />
                <SequencePoint vc="0" uspid="137" ordinal="23" offset="384" sl="60" sc="13" el="60" ec="37" bec="0" bev="0" fileid="4" />
                <SequencePoint vc="0" uspid="138" ordinal="24" offset="401" sl="61" sc="13" el="61" ec="44" bec="0" bev="0" fileid="4" />
                <SequencePoint vc="0" uspid="139" ordinal="25" offset="418" sl="62" sc="13" el="62" ec="58" bec="0" bev="0" fileid="4" />
                <SequencePoint vc="0" uspid="140" ordinal="26" offset="431" sl="63" sc="13" el="63" ec="80" bec="0" bev="0" fileid="4" />
                <SequencePoint vc="0" uspid="141" ordinal="27" offset="455" sl="67" sc="13" el="67" ec="158" bec="0" bev="0" fileid="4" />
                <SequencePoint vc="0" uspid="142" ordinal="28" offset="489" sl="68" sc="13" el="68" ec="73" bec="0" bev="0" fileid="4" />
                <SequencePoint vc="0" uspid="143" ordinal="29" offset="516" sl="69" sc="13" el="69" ec="45" bec="0" bev="0" fileid="4" />
                <SequencePoint vc="0" uspid="144" ordinal="30" offset="533" sl="70" sc="13" el="70" ec="74" bec="0" bev="0" fileid="4" />
                <SequencePoint vc="0" uspid="145" ordinal="31" offset="552" sl="71" sc="13" el="71" ec="68" bec="0" bev="0" fileid="4" />
                <SequencePoint vc="0" uspid="146" ordinal="32" offset="576" sl="72" sc="13" el="72" ec="40" bec="0" bev="0" fileid="4" />
                <SequencePoint vc="0" uspid="147" ordinal="33" offset="589" sl="73" sc="13" el="73" ec="37" bec="0" bev="0" fileid="4" />
                <SequencePoint vc="0" uspid="148" ordinal="34" offset="606" sl="74" sc="13" el="74" ec="44" bec="0" bev="0" fileid="4" />
                <SequencePoint vc="0" uspid="149" ordinal="35" offset="623" sl="75" sc="13" el="75" ec="58" bec="0" bev="0" fileid="4" />
                <SequencePoint vc="0" uspid="150" ordinal="36" offset="636" sl="76" sc="13" el="76" ec="80" bec="0" bev="0" fileid="4" />
                <SequencePoint vc="0" uspid="151" ordinal="37" offset="660" sl="80" sc="13" el="80" ec="158" bec="0" bev="0" fileid="4" />
                <SequencePoint vc="0" uspid="152" ordinal="38" offset="694" sl="81" sc="13" el="81" ec="73" bec="0" bev="0" fileid="4" />
                <SequencePoint vc="0" uspid="153" ordinal="39" offset="718" sl="82" sc="13" el="82" ec="45" bec="0" bev="0" fileid="4" />
                <SequencePoint vc="0" uspid="154" ordinal="40" offset="735" sl="83" sc="13" el="83" ec="74" bec="0" bev="0" fileid="4" />
                <SequencePoint vc="0" uspid="155" ordinal="41" offset="754" sl="84" sc="13" el="84" ec="68" bec="0" bev="0" fileid="4" />
                <SequencePoint vc="0" uspid="156" ordinal="42" offset="778" sl="85" sc="13" el="85" ec="40" bec="0" bev="0" fileid="4" />
                <SequencePoint vc="0" uspid="157" ordinal="43" offset="791" sl="86" sc="13" el="86" ec="37" bec="0" bev="0" fileid="4" />
                <SequencePoint vc="0" uspid="158" ordinal="44" offset="808" sl="87" sc="13" el="87" ec="44" bec="0" bev="0" fileid="4" />
                <SequencePoint vc="0" uspid="159" ordinal="45" offset="825" sl="88" sc="13" el="88" ec="58" bec="0" bev="0" fileid="4" />
                <SequencePoint vc="0" uspid="160" ordinal="46" offset="838" sl="89" sc="13" el="89" ec="80" bec="0" bev="0" fileid="4" />
                <SequencePoint vc="0" uspid="161" ordinal="47" offset="862" sl="93" sc="13" el="93" ec="158" bec="0" bev="0" fileid="4" />
                <SequencePoint vc="0" uspid="162" ordinal="48" offset="896" sl="94" sc="13" el="94" ec="73" bec="0" bev="0" fileid="4" />
                <SequencePoint vc="0" uspid="163" ordinal="49" offset="923" sl="95" sc="13" el="95" ec="45" bec="0" bev="0" fileid="4" />
                <SequencePoint vc="0" uspid="164" ordinal="50" offset="940" sl="96" sc="13" el="96" ec="74" bec="0" bev="0" fileid="4" />
                <SequencePoint vc="0" uspid="165" ordinal="51" offset="959" sl="97" sc="13" el="97" ec="68" bec="0" bev="0" fileid="4" />
                <SequencePoint vc="0" uspid="166" ordinal="52" offset="983" sl="98" sc="13" el="98" ec="40" bec="0" bev="0" fileid="4" />
                <SequencePoint vc="0" uspid="167" ordinal="53" offset="996" sl="99" sc="13" el="99" ec="37" bec="0" bev="0" fileid="4" />
                <SequencePoint vc="0" uspid="168" ordinal="54" offset="1013" sl="100" sc="13" el="100" ec="44" bec="0" bev="0" fileid="4" />
                <SequencePoint vc="0" uspid="169" ordinal="55" offset="1030" sl="101" sc="13" el="101" ec="58" bec="0" bev="0" fileid="4" />
                <SequencePoint vc="0" uspid="170" ordinal="56" offset="1043" sl="102" sc="13" el="102" ec="80" bec="0" bev="0" fileid="4" />
                <SequencePoint vc="0" uspid="171" ordinal="57" offset="1067" sl="106" sc="13" el="106" ec="73" bec="0" bev="0" fileid="4" />
                <SequencePoint vc="0" uspid="172" ordinal="58" offset="1080" sl="107" sc="13" el="107" ec="156" bec="0" bev="0" fileid="4" />
                <SequencePoint vc="0" uspid="173" ordinal="59" offset="1114" sl="108" sc="13" el="108" ec="71" bec="0" bev="0" fileid="4" />
                <SequencePoint vc="0" uspid="174" ordinal="60" offset="1138" sl="109" sc="13" el="109" ec="41" bec="0" bev="0" fileid="4" />
                <SequencePoint vc="0" uspid="175" ordinal="61" offset="1155" sl="110" sc="13" el="110" ec="65" bec="0" bev="0" fileid="4" />
                <SequencePoint vc="0" uspid="176" ordinal="62" offset="1179" sl="111" sc="13" el="111" ec="38" bec="0" bev="0" fileid="4" />
                <SequencePoint vc="0" uspid="177" ordinal="63" offset="1192" sl="112" sc="13" el="112" ec="41" bec="0" bev="0" fileid="4" />
                <SequencePoint vc="0" uspid="178" ordinal="64" offset="1209" sl="113" sc="13" el="113" ec="82" bec="0" bev="0" fileid="4" />
                <SequencePoint vc="0" uspid="179" ordinal="65" offset="1223" sl="117" sc="13" el="117" ec="74" bec="0" bev="0" fileid="4" />
                <SequencePoint vc="0" uspid="180" ordinal="66" offset="1245" sl="118" sc="13" el="118" ec="74" bec="0" bev="0" fileid="4" />
                <SequencePoint vc="0" uspid="181" ordinal="67" offset="1253" sl="119" sc="13" el="119" ec="80" bec="0" bev="0" fileid="4" />
                <SequencePoint vc="0" uspid="182" ordinal="68" offset="1265" sl="120" sc="13" el="120" ec="83" bec="0" bev="0" fileid="4" />
                <SequencePoint vc="0" uspid="183" ordinal="69" offset="1273" sl="121" sc="13" el="121" ec="66" bec="0" bev="0" fileid="4" />
                <SequencePoint vc="0" uspid="184" ordinal="70" offset="1295" sl="122" sc="13" el="122" ec="44" bec="0" bev="0" fileid="4" />
                <SequencePoint vc="0" uspid="185" ordinal="71" offset="1313" sl="123" sc="13" el="123" ec="46" bec="0" bev="0" fileid="4" />
                <SequencePoint vc="0" uspid="186" ordinal="72" offset="1331" sl="124" sc="13" el="124" ec="46" bec="0" bev="0" fileid="4" />
                <SequencePoint vc="0" uspid="187" ordinal="73" offset="1349" sl="125" sc="13" el="125" ec="46" bec="0" bev="0" fileid="4" />
                <SequencePoint vc="0" uspid="188" ordinal="74" offset="1367" sl="126" sc="13" el="126" ec="46" bec="0" bev="0" fileid="4" />
                <SequencePoint vc="0" uspid="189" ordinal="75" offset="1385" sl="127" sc="13" el="127" ec="48" bec="0" bev="0" fileid="4" />
                <SequencePoint vc="0" uspid="190" ordinal="76" offset="1403" sl="128" sc="13" el="128" ec="33" bec="0" bev="0" fileid="4" />
                <SequencePoint vc="0" uspid="191" ordinal="77" offset="1415" sl="129" sc="13" el="129" ec="65" bec="0" bev="0" fileid="4" />
                <SequencePoint vc="0" uspid="192" ordinal="78" offset="1429" sl="130" sc="13" el="130" ec="86" bec="0" bev="0" fileid="4" />
                <SequencePoint vc="0" uspid="193" ordinal="79" offset="1437" sl="131" sc="13" el="131" ec="33" bec="0" bev="0" fileid="4" />
                <SequencePoint vc="0" uspid="194" ordinal="80" offset="1449" sl="132" sc="13" el="132" ec="67" bec="0" bev="0" fileid="4" />
                <SequencePoint vc="0" uspid="195" ordinal="81" offset="1468" sl="133" sc="13" el="133" ec="38" bec="0" bev="0" fileid="4" />
                <SequencePoint vc="0" uspid="196" ordinal="82" offset="1476" sl="135" sc="9" el="135" ec="10" bec="0" bev="0" fileid="4" />
              </SequencePoints>
              <BranchPoints />
              <MethodPoint xsi:type="SequencePoint" vc="0" uspid="114" ordinal="0" offset="0" sl="31" sc="9" el="31" ec="10" bec="0" bev="0" fileid="4" />
            </Method>
          </Methods>
        </Class>
        <Class>
          <Summary numSequencePoints="76" visitedSequencePoints="0" numBranchPoints="10" visitedBranchPoints="0" sequenceCoverage="0" branchCoverage="0" maxCyclomaticComplexity="3" minCyclomaticComplexity="1" maxCrapScore="12" minCrapScore="2" visitedClasses="0" numClasses="1" visitedMethods="0" numMethods="6" />
          <FullName>Kviz.GameOver_prikaz</FullName>
          <Methods>
            <Method visited="false" cyclomaticComplexity="1" nPathComplexity="0" sequenceCoverage="0" branchCoverage="0" crapScore="2" isConstructor="true" isStatic="false" isGetter="false" isSetter="false">
              <Summary numSequencePoints="5" visitedSequencePoints="0" numBranchPoints="1" visitedBranchPoints="0" sequenceCoverage="0" branchCoverage="0" maxCyclomaticComplexity="1" minCyclomaticComplexity="1" maxCrapScore="2" minCrapScore="2" visitedClasses="0" numClasses="0" visitedMethods="0" numMethods="1" />
              <MetadataToken>100663305</MetadataToken>
              <Name>System.Void Kviz.GameOver_prikaz::.ctor()</Name>
              <FileRef uid="5" />
              <SequencePoints>
                <SequencePoint vc="0" uspid="197" ordinal="0" offset="0" sl="9" sc="9" el="9" ec="68" bec="0" bev="0" fileid="5" />
                <SequencePoint vc="0" uspid="198" ordinal="1" offset="7" sl="18" sc="9" el="18" ec="33" bec="0" bev="0" fileid="6" />
                <SequencePoint vc="0" uspid="199" ordinal="2" offset="14" sl="19" sc="9" el="19" ec="10" bec="0" bev="0" fileid="6" />
                <SequencePoint vc="0" uspid="200" ordinal="3" offset="15" sl="20" sc="13" el="20" ec="35" bec="0" bev="0" fileid="6" />
                <SequencePoint vc="0" uspid="201" ordinal="4" offset="22" sl="22" sc="9" el="22" ec="10" bec="0" bev="0" fileid="6" />
              </SequencePoints>
              <BranchPoints />
              <MethodPoint xsi:type="SequencePoint" vc="0" uspid="197" ordinal="0" offset="0" sl="9" sc="9" el="9" ec="68" bec="0" bev="0" fileid="5" />
            </Method>
            <Method visited="false" cyclomaticComplexity="1" nPathComplexity="0" sequenceCoverage="0" branchCoverage="0" crapScore="2" isConstructor="false" isStatic="false" isGetter="false" isSetter="false">
              <Summary numSequencePoints="2" visitedSequencePoints="0" numBranchPoints="1" visitedBranchPoints="0" sequenceCoverage="0" branchCoverage="0" maxCyclomaticComplexity="1" minCyclomaticComplexity="1" maxCrapScore="2" minCrapScore="2" visitedClasses="0" numClasses="0" visitedMethods="0" numMethods="1" />
              <MetadataToken>100663306</MetadataToken>
              <Name>System.Void Kviz.GameOver_prikaz::GameOver_prikaz_Load(System.Object,System.EventArgs)</Name>
              <FileRef uid="6" />
              <SequencePoints>
                <SequencePoint vc="0" uspid="202" ordinal="0" offset="0" sl="25" sc="9" el="25" ec="10" bec="0" bev="0" fileid="6" />
                <SequencePoint vc="0" uspid="203" ordinal="1" offset="1" sl="27" sc="9" el="27" ec="10" bec="0" bev="0" fileid="6" />
              </SequencePoints>
              <BranchPoints />
              <MethodPoint xsi:type="SequencePoint" vc="0" uspid="202" ordinal="0" offset="0" sl="25" sc="9" el="25" ec="10" bec="0" bev="0" fileid="6" />
            </Method>
            <Method visited="false" cyclomaticComplexity="1" nPathComplexity="0" sequenceCoverage="0" branchCoverage="0" crapScore="2" isConstructor="false" isStatic="false" isGetter="false" isSetter="false">
              <Summary numSequencePoints="2" visitedSequencePoints="0" numBranchPoints="1" visitedBranchPoints="0" sequenceCoverage="0" branchCoverage="0" maxCyclomaticComplexity="1" minCyclomaticComplexity="1" maxCrapScore="2" minCrapScore="2" visitedClasses="0" numClasses="0" visitedMethods="0" numMethods="1" />
              <MetadataToken>100663307</MetadataToken>
              <Name>System.Void Kviz.GameOver_prikaz::label2_Click(System.Object,System.EventArgs)</Name>
              <FileRef uid="6" />
              <SequencePoints>
                <SequencePoint vc="0" uspid="204" ordinal="0" offset="0" sl="30" sc="9" el="30" ec="10" bec="0" bev="0" fileid="6" />
                <SequencePoint vc="0" uspid="205" ordinal="1" offset="1" sl="32" sc="9" el="32" ec="10" bec="0" bev="0" fileid="6" />
              </SequencePoints>
              <BranchPoints />
              <MethodPoint xsi:type="SequencePoint" vc="0" uspid="204" ordinal="0" offset="0" sl="30" sc="9" el="30" ec="10" bec="0" bev="0" fileid="6" />
            </Method>
            <Method visited="false" cyclomaticComplexity="1" nPathComplexity="0" sequenceCoverage="0" branchCoverage="0" crapScore="2" isConstructor="false" isStatic="false" isGetter="false" isSetter="false">
              <Summary numSequencePoints="3" visitedSequencePoints="0" numBranchPoints="1" visitedBranchPoints="0" sequenceCoverage="0" branchCoverage="0" maxCyclomaticComplexity="1" minCyclomaticComplexity="1" maxCrapScore="2" minCrapScore="2" visitedClasses="0" numClasses="0" visitedMethods="0" numMethods="1" />
              <MetadataToken>100663308</MetadataToken>
              <Name>System.Void Kviz.GameOver_prikaz::button_WOC2_Click(System.Object,System.EventArgs)</Name>
              <FileRef uid="6" />
              <SequencePoints>
                <SequencePoint vc="0" uspid="206" ordinal="0" offset="0" sl="35" sc="9" el="35" ec="10" bec="0" bev="0" fileid="6" />
                <SequencePoint vc="0" uspid="207" ordinal="1" offset="1" sl="36" sc="13" el="36" ec="32" bec="0" bev="0" fileid="6" />
                <SequencePoint vc="0" uspid="208" ordinal="2" offset="7" sl="37" sc="9" el="37" ec="10" bec="0" bev="0" fileid="6" />
              </SequencePoints>
              <BranchPoints />
              <MethodPoint xsi:type="SequencePoint" vc="0" uspid="206" ordinal="0" offset="0" sl="35" sc="9" el="35" ec="10" bec="0" bev="0" fileid="6" />
            </Method>
            <Method visited="false" cyclomaticComplexity="3" nPathComplexity="4" sequenceCoverage="0" branchCoverage="0" crapScore="12" isConstructor="false" isStatic="false" isGetter="false" isSetter="false">
              <Summary numSequencePoints="7" visitedSequencePoints="0" numBranchPoints="5" visitedBranchPoints="0" sequenceCoverage="0" branchCoverage="0" maxCyclomaticComplexity="3" minCyclomaticComplexity="3" maxCrapScore="12" minCrapScore="12" visitedClasses="0" numClasses="0" visitedMethods="0" numMethods="1" />
              <MetadataToken>100663309</MetadataToken>
              <Name>System.Void Kviz.GameOver_prikaz::Dispose(System.Boolean)</Name>
              <FileRef uid="5" />
              <SequencePoints>
                <SequencePoint vc="0" uspid="209" ordinal="0" offset="0" sl="16" sc="9" el="16" ec="10" bec="0" bev="0" fileid="5" />
                <SequencePoint vc="0" uspid="210" ordinal="1" offset="1" sl="17" sc="13" el="17" ec="51" bec="4" bev="0" fileid="5" />
                <SequencePoint vc="0" uspid="211" ordinal="2" offset="20" sl="18" sc="13" el="18" ec="14" bec="0" bev="0" fileid="5" />
                <SequencePoint vc="0" uspid="212" ordinal="3" offset="21" sl="19" sc="17" el="19" ec="38" bec="0" bev="0" fileid="5" />
                <SequencePoint vc="0" uspid="213" ordinal="4" offset="33" sl="20" sc="13" el="20" ec="14" bec="0" bev="0" fileid="5" />
                <SequencePoint vc="0" uspid="214" ordinal="5" offset="34" sl="21" sc="13" el="21" ec="37" bec="0" bev="0" fileid="5" />
                <SequencePoint vc="0" uspid="215" ordinal="6" offset="42" sl="22" sc="9" el="22" ec="10" bec="0" bev="0" fileid="5" />
              </SequencePoints>
              <BranchPoints>
                <BranchPoint vc="0" uspid="216" ordinal="0" offset="2" sl="17" path="0" offsetend="4" fileid="5" />
                <BranchPoint vc="0" uspid="217" ordinal="1" offset="2" sl="17" path="1" offsetend="15" fileid="5" />
                <BranchPoint vc="0" uspid="218" ordinal="2" offset="18" sl="17" path="0" offsetend="20" fileid="5" />
                <BranchPoint vc="0" uspid="219" ordinal="3" offset="18" sl="17" path="1" offsetend="34" fileid="5" />
              </BranchPoints>
              <MethodPoint xsi:type="SequencePoint" vc="0" uspid="209" ordinal="0" offset="0" sl="16" sc="9" el="16" ec="10" bec="0" bev="0" fileid="5" />
            </Method>
            <Method visited="false" cyclomaticComplexity="1" nPathComplexity="0" sequenceCoverage="0" branchCoverage="0" crapScore="2" isConstructor="false" isStatic="false" isGetter="false" isSetter="false">
              <Summary numSequencePoints="57" visitedSequencePoints="0" numBranchPoints="1" visitedBranchPoints="0" sequenceCoverage="0" branchCoverage="0" maxCyclomaticComplexity="1" minCyclomaticComplexity="1" maxCrapScore="2" minCrapScore="2" visitedClasses="0" numClasses="0" visitedMethods="0" numMethods="1" />
              <MetadataToken>100663310</MetadataToken>
              <Name>System.Void Kviz.GameOver_prikaz::InitializeComponent()</Name>
              <FileRef uid="5" />
              <SequencePoints>
                <SequencePoint vc="0" uspid="220" ordinal="0" offset="0" sl="31" sc="9" el="31" ec="10" bec="0" bev="0" fileid="5" />
                <SequencePoint vc="0" uspid="221" ordinal="1" offset="1" sl="32" sc="13" el="32" ec="60" bec="0" bev="0" fileid="5" />
                <SequencePoint vc="0" uspid="222" ordinal="2" offset="12" sl="33" sc="13" el="33" ec="66" bec="0" bev="0" fileid="5" />
                <SequencePoint vc="0" uspid="223" ordinal="3" offset="23" sl="34" sc="13" el="34" ec="68" bec="0" bev="0" fileid="5" />
                <SequencePoint vc="0" uspid="224" ordinal="4" offset="34" sl="35" sc="13" el="35" ec="34" bec="0" bev="0" fileid="5" />
                <SequencePoint vc="0" uspid="225" ordinal="5" offset="41" sl="39" sc="13" el="39" ec="41" bec="0" bev="0" fileid="5" />
                <SequencePoint vc="0" uspid="226" ordinal="6" offset="54" sl="40" sc="13" el="40" ec="70" bec="0" bev="0" fileid="5" />
                <SequencePoint vc="0" uspid="227" ordinal="7" offset="71" sl="41" sc="13" el="41" ec="219" bec="0" bev="0" fileid="5" />
                <SequencePoint vc="0" uspid="228" ordinal="8" offset="105" sl="42" sc="13" el="42" ec="64" bec="0" bev="0" fileid="5" />
                <SequencePoint vc="0" uspid="229" ordinal="9" offset="122" sl="43" sc="13" el="43" ec="70" bec="0" bev="0" fileid="5" />
                <SequencePoint vc="0" uspid="230" ordinal="10" offset="146" sl="44" sc="13" el="44" ec="41" bec="0" bev="0" fileid="5" />
                <SequencePoint vc="0" uspid="231" ordinal="11" offset="163" sl="45" sc="13" el="45" ec="65" bec="0" bev="0" fileid="5" />
                <SequencePoint vc="0" uspid="232" ordinal="12" offset="187" sl="46" sc="13" el="46" ec="38" bec="0" bev="0" fileid="5" />
                <SequencePoint vc="0" uspid="233" ordinal="13" offset="200" sl="47" sc="13" el="47" ec="67" bec="0" bev="0" fileid="5" />
                <SequencePoint vc="0" uspid="234" ordinal="14" offset="217" sl="51" sc="13" el="51" ec="47" bec="0" bev="0" fileid="5" />
                <SequencePoint vc="0" uspid="235" ordinal="15" offset="230" sl="52" sc="13" el="52" ec="76" bec="0" bev="0" fileid="5" />
                <SequencePoint vc="0" uspid="236" ordinal="16" offset="247" sl="53" sc="13" el="53" ec="225" bec="0" bev="0" fileid="5" />
                <SequencePoint vc="0" uspid="237" ordinal="17" offset="281" sl="54" sc="13" el="54" ec="70" bec="0" bev="0" fileid="5" />
                <SequencePoint vc="0" uspid="238" ordinal="18" offset="298" sl="55" sc="13" el="55" ec="77" bec="0" bev="0" fileid="5" />
                <SequencePoint vc="0" uspid="239" ordinal="19" offset="325" sl="56" sc="13" el="56" ec="53" bec="0" bev="0" fileid="5" />
                <SequencePoint vc="0" uspid="240" ordinal="20" offset="342" sl="57" sc="13" el="57" ec="70" bec="0" bev="0" fileid="5" />
                <SequencePoint vc="0" uspid="241" ordinal="21" offset="363" sl="58" sc="13" el="58" ec="44" bec="0" bev="0" fileid="5" />
                <SequencePoint vc="0" uspid="242" ordinal="22" offset="376" sl="59" sc="13" el="59" ec="44" bec="0" bev="0" fileid="5" />
                <SequencePoint vc="0" uspid="243" ordinal="23" offset="393" sl="60" sc="13" el="60" ec="83" bec="0" bev="0" fileid="5" />
                <SequencePoint vc="0" uspid="244" ordinal="24" offset="417" sl="64" sc="13" el="64" ec="75" bec="0" bev="0" fileid="5" />
                <SequencePoint vc="0" uspid="245" ordinal="25" offset="434" sl="65" sc="13" el="65" ec="70" bec="0" bev="0" fileid="5" />
                <SequencePoint vc="0" uspid="246" ordinal="26" offset="451" sl="66" sc="13" el="66" ec="80" bec="0" bev="0" fileid="5" />
                <SequencePoint vc="0" uspid="247" ordinal="27" offset="468" sl="67" sc="13" el="67" ec="78" bec="0" bev="0" fileid="5" />
                <SequencePoint vc="0" uspid="248" ordinal="28" offset="481" sl="68" sc="13" el="68" ec="161" bec="0" bev="0" fileid="5" />
                <SequencePoint vc="0" uspid="249" ordinal="29" offset="515" sl="69" sc="13" el="69" ec="72" bec="0" bev="0" fileid="5" />
                <SequencePoint vc="0" uspid="250" ordinal="30" offset="532" sl="70" sc="13" el="70" ec="76" bec="0" bev="0" fileid="5" />
                <SequencePoint vc="0" uspid="251" ordinal="31" offset="559" sl="71" sc="13" el="71" ec="51" bec="0" bev="0" fileid="5" />
                <SequencePoint vc="0" uspid="252" ordinal="32" offset="576" sl="72" sc="13" el="72" ec="77" bec="0" bev="0" fileid="5" />
                <SequencePoint vc="0" uspid="253" ordinal="33" offset="593" sl="73" sc="13" el="73" ec="87" bec="0" bev="0" fileid="5" />
                <SequencePoint vc="0" uspid="254" ordinal="34" offset="610" sl="74" sc="13" el="74" ec="80" bec="0" bev="0" fileid="5" />
                <SequencePoint vc="0" uspid="255" ordinal="35" offset="627" sl="75" sc="13" el="75" ec="70" bec="0" bev="0" fileid="5" />
                <SequencePoint vc="0" uspid="256" ordinal="36" offset="651" sl="76" sc="13" el="76" ec="43" bec="0" bev="0" fileid="5" />
                <SequencePoint vc="0" uspid="257" ordinal="37" offset="664" sl="77" sc="13" el="77" ec="55" bec="0" bev="0" fileid="5" />
                <SequencePoint vc="0" uspid="258" ordinal="38" offset="681" sl="78" sc="13" el="78" ec="69" bec="0" bev="0" fileid="5" />
                <SequencePoint vc="0" uspid="259" ordinal="39" offset="698" sl="79" sc="13" el="79" ec="62" bec="0" bev="0" fileid="5" />
                <SequencePoint vc="0" uspid="260" ordinal="40" offset="711" sl="80" sc="13" el="80" ec="87" bec="0" bev="0" fileid="5" />
                <SequencePoint vc="0" uspid="261" ordinal="41" offset="735" sl="84" sc="13" el="84" ec="74" bec="0" bev="0" fileid="5" />
                <SequencePoint vc="0" uspid="262" ordinal="42" offset="757" sl="85" sc="13" el="85" ec="74" bec="0" bev="0" fileid="5" />
                <SequencePoint vc="0" uspid="263" ordinal="43" offset="765" sl="86" sc="13" el="86" ec="57" bec="0" bev="0" fileid="5" />
                <SequencePoint vc="0" uspid="264" ordinal="44" offset="777" sl="87" sc="13" el="87" ec="80" bec="0" bev="0" fileid="5" />
                <SequencePoint vc="0" uspid="265" ordinal="45" offset="789" sl="88" sc="13" el="88" ec="83" bec="0" bev="0" fileid="5" />
                <SequencePoint vc="0" uspid="266" ordinal="46" offset="797" sl="89" sc="13" el="89" ec="66" bec="0" bev="0" fileid="5" />
                <SequencePoint vc="0" uspid="267" ordinal="47" offset="819" sl="90" sc="13" el="90" ec="49" bec="0" bev="0" fileid="5" />
                <SequencePoint vc="0" uspid="268" ordinal="48" offset="837" sl="91" sc="13" el="91" ec="50" bec="0" bev="0" fileid="5" />
                <SequencePoint vc="0" uspid="269" ordinal="49" offset="855" sl="92" sc="13" el="92" ec="44" bec="0" bev="0" fileid="5" />
                <SequencePoint vc="0" uspid="270" ordinal="50" offset="873" sl="93" sc="13" el="93" ec="43" bec="0" bev="0" fileid="5" />
                <SequencePoint vc="0" uspid="271" ordinal="51" offset="885" sl="94" sc="13" el="94" ec="86" bec="0" bev="0" fileid="5" />
                <SequencePoint vc="0" uspid="272" ordinal="52" offset="893" sl="95" sc="13" el="95" ec="43" bec="0" bev="0" fileid="5" />
                <SequencePoint vc="0" uspid="273" ordinal="53" offset="905" sl="96" sc="13" el="96" ec="77" bec="0" bev="0" fileid="5" />
                <SequencePoint vc="0" uspid="274" ordinal="54" offset="924" sl="97" sc="13" el="97" ec="38" bec="0" bev="0" fileid="5" />
                <SequencePoint vc="0" uspid="275" ordinal="55" offset="932" sl="98" sc="13" el="98" ec="34" bec="0" bev="0" fileid="5" />
                <SequencePoint vc="0" uspid="276" ordinal="56" offset="939" sl="100" sc="9" el="100" ec="10" bec="0" bev="0" fileid="5" />
              </SequencePoints>
              <BranchPoints />
              <MethodPoint xsi:type="SequencePoint" vc="0" uspid="220" ordinal="0" offset="0" sl="31" sc="9" el="31" ec="10" bec="0" bev="0" fileid="5" />
            </Method>
          </Methods>
        </Class>
        <Class>
          <Summary numSequencePoints="9" visitedSequencePoints="0" numBranchPoints="1" visitedBranchPoints="0" sequenceCoverage="0" branchCoverage="0" maxCyclomaticComplexity="1" minCyclomaticComplexity="1" maxCrapScore="2" minCrapScore="2" visitedClasses="0" numClasses="1" visitedMethods="0" numMethods="1" />
          <FullName>Kviz.Pitanje</FullName>
          <Methods>
            <Method visited="false" cyclomaticComplexity="1" nPathComplexity="0" sequenceCoverage="0" branchCoverage="0" crapScore="2" isConstructor="true" isStatic="false" isGetter="false" isSetter="false">
              <Summary numSequencePoints="9" visitedSequencePoints="0" numBranchPoints="1" visitedBranchPoints="0" sequenceCoverage="0" branchCoverage="0" maxCyclomaticComplexity="1" minCyclomaticComplexity="1" maxCrapScore="2" minCrapScore="2" visitedClasses="0" numClasses="0" visitedMethods="0" numMethods="1" />
              <MetadataToken>100663311</MetadataToken>
              <Name>System.Void Kviz.Pitanje::.ctor(System.String,System.String,System.String,System.String,System.String,System.String)</Name>
              <FileRef uid="7" />
              <SequencePoints>
                <SequencePoint vc="0" uspid="277" ordinal="0" offset="0" sl="13" sc="9" el="13" ec="128" bec="0" bev="0" fileid="7" />
                <SequencePoint vc="0" uspid="278" ordinal="1" offset="7" sl="14" sc="9" el="14" ec="10" bec="0" bev="0" fileid="7" />
                <SequencePoint vc="0" uspid="279" ordinal="2" offset="8" sl="15" sc="13" el="15" ec="36" bec="0" bev="0" fileid="7" />
                <SequencePoint vc="0" uspid="280" ordinal="3" offset="15" sl="16" sc="13" el="16" ec="38" bec="0" bev="0" fileid="7" />
                <SequencePoint vc="0" uspid="281" ordinal="4" offset="22" sl="17" sc="13" el="17" ec="38" bec="0" bev="0" fileid="7" />
                <SequencePoint vc="0" uspid="282" ordinal="5" offset="29" sl="18" sc="13" el="18" ec="38" bec="0" bev="0" fileid="7" />
                <SequencePoint vc="0" uspid="283" ordinal="6" offset="37" sl="19" sc="13" el="19" ec="38" bec="0" bev="0" fileid="7" />
                <SequencePoint vc="0" uspid="284" ordinal="7" offset="45" sl="20" sc="13" el="20" ec="46" bec="0" bev="0" fileid="7" />
                <SequencePoint vc="0" uspid="285" ordinal="8" offset="53" sl="21" sc="9" el="21" ec="10" bec="0" bev="0" fileid="7" />
              </SequencePoints>
              <BranchPoints />
              <MethodPoint xsi:type="SequencePoint" vc="0" uspid="277" ordinal="0" offset="0" sl="13" sc="9" el="13" ec="128" bec="0" bev="0" fileid="7" />
            </Method>
          </Methods>
        </Class>
        <Class>
          <Summary numSequencePoints="104" visitedSequencePoints="74" numBranchPoints="13" visitedBranchPoints="6" sequenceCoverage="71.15" branchCoverage="46.15" maxCyclomaticComplexity="3" minCyclomaticComplexity="1" maxCrapScore="6" minCrapScore="1" visitedClasses="1" numClasses="1" visitedMethods="4" numMethods="7" />
          <FullName>Kviz.PocetniPrikaz</FullName>
          <Methods>
            <Method visited="true" cyclomaticComplexity="1" nPathComplexity="0" sequenceCoverage="75" branchCoverage="100" crapScore="1.02" isConstructor="true" isStatic="false" isGetter="false" isSetter="false">
              <Summary numSequencePoints="8" visitedSequencePoints="6" numBranchPoints="1" visitedBranchPoints="1" sequenceCoverage="75" branchCoverage="100" maxCyclomaticComplexity="1" minCyclomaticComplexity="1" maxCrapScore="1.02" minCrapScore="1.02" visitedClasses="0" numClasses="0" visitedMethods="1" numMethods="1" />
              <MetadataToken>100663312</MetadataToken>
              <Name>System.Void Kviz.PocetniPrikaz::.ctor()</Name>
              <FileRef uid="8" />
              <SequencePoints>
                <SequencePoint vc="1" uspid="286" ordinal="0" offset="0" sl="16" sc="9" el="16" ec="74" bec="0" bev="0" fileid="8" />
                <SequencePoint vc="1" uspid="287" ordinal="1" offset="11" sl="9" sc="9" el="9" ec="68" bec="0" bev="0" fileid="9" />
                <SequencePoint vc="1" uspid="288" ordinal="2" offset="18" sl="18" sc="9" el="18" ec="31" bec="0" bev="0" fileid="8" />
                <SequencePoint vc="1" uspid="289" ordinal="3" offset="25" sl="19" sc="9" el="19" ec="10" bec="0" bev="0" fileid="8" />
                <SequencePoint vc="1" uspid="290" ordinal="4" offset="26" sl="20" sc="13" el="20" ec="35" bec="0" bev="0" fileid="8" />
                <SequencePoint vc="1" uspid="291" ordinal="5" offset="33" sl="21" sc="13" el="21" ec="31" bec="0" bev="0" fileid="8" />
                <SequencePoint vc="0" uspid="292" ordinal="6" offset="40" sl="22" sc="13" el="22" ec="50" bec="0" bev="0" fileid="8" />
                <SequencePoint vc="0" uspid="293" ordinal="7" offset="57" sl="23" sc="9" el="23" ec="10" bec="0" bev="0" fileid="8" />
              </SequencePoints>
              <BranchPoints />
              <MethodPoint xsi:type="SequencePoint" vc="1" uspid="286" ordinal="0" offset="0" sl="16" sc="9" el="16" ec="74" bec="0" bev="0" fileid="8" />
            </Method>
            <Method visited="false" cyclomaticComplexity="2" nPathComplexity="2" sequenceCoverage="0" branchCoverage="0" crapScore="6" isConstructor="false" isStatic="false" isGetter="false" isSetter="false">
              <Summary numSequencePoints="13" visitedSequencePoints="0" numBranchPoints="3" visitedBranchPoints="0" sequenceCoverage="0" branchCoverage="0" maxCyclomaticComplexity="2" minCyclomaticComplexity="2" maxCrapScore="6" minCrapScore="6" visitedClasses="0" numClasses="0" visitedMethods="0" numMethods="1" />
              <MetadataToken>100663313</MetadataToken>
              <Name>System.Void Kviz.PocetniPrikaz::button_WOC1_Click(System.Object,System.EventArgs)</Name>
              <FileRef uid="8" />
              <SequencePoints>
                <SequencePoint vc="0" uspid="294" ordinal="0" offset="0" sl="26" sc="9" el="26" ec="10" bec="0" bev="0" fileid="8" />
                <SequencePoint vc="0" uspid="295" ordinal="1" offset="1" sl="27" sc="13" el="27" ec="27" bec="0" bev="0" fileid="8" />
                <SequencePoint vc="0" uspid="296" ordinal="2" offset="13" sl="28" sc="13" el="28" ec="38" bec="0" bev="0" fileid="8" />
                <SequencePoint vc="0" uspid="297" ordinal="3" offset="19" sl="29" sc="13" el="29" ec="41" bec="2" bev="0" fileid="8" />
                <SequencePoint vc="0" uspid="298" ordinal="4" offset="44" sl="30" sc="13" el="30" ec="14" bec="0" bev="0" fileid="8" />
                <SequencePoint vc="0" uspid="299" ordinal="5" offset="45" sl="31" sc="17" el="31" ec="59" bec="0" bev="0" fileid="8" />
                <SequencePoint vc="0" uspid="300" ordinal="6" offset="56" sl="32" sc="17" el="32" ec="24" bec="0" bev="0" fileid="8" />
                <SequencePoint vc="0" uspid="301" ordinal="7" offset="58" sl="35" sc="13" el="35" ec="14" bec="0" bev="0" fileid="8" />
                <SequencePoint vc="0" uspid="302" ordinal="8" offset="59" sl="36" sc="17" el="36" ec="52" bec="0" bev="0" fileid="8" />
                <SequencePoint vc="0" uspid="303" ordinal="9" offset="76" sl="37" sc="13" el="37" ec="14" bec="0" bev="0" fileid="8" />
                <SequencePoint vc="0" uspid="304" ordinal="10" offset="77" sl="38" sc="13" el="38" ec="34" bec="0" bev="0" fileid="8" />
                <SequencePoint vc="0" uspid="305" ordinal="11" offset="85" sl="39" sc="13" el="39" ec="31" bec="0" bev="0" fileid="8" />
                <SequencePoint vc="0" uspid="306" ordinal="12" offset="92" sl="41" sc="9" el="41" ec="10" bec="0" bev="0" fileid="8" />
              </SequencePoints>
              <BranchPoints>
                <BranchPoint vc="0" uspid="307" ordinal="0" offset="42" sl="29" path="0" offsetend="44" fileid="8" />
                <BranchPoint vc="0" uspid="308" ordinal="1" offset="42" sl="29" path="1" offsetend="58" fileid="8" />
              </BranchPoints>
              <MethodPoint xsi:type="SequencePoint" vc="0" uspid="294" ordinal="0" offset="0" sl="26" sc="9" el="26" ec="10" bec="0" bev="0" fileid="8" />
            </Method>
            <Method visited="false" cyclomaticComplexity="1" nPathComplexity="0" sequenceCoverage="0" branchCoverage="0" crapScore="2" isConstructor="false" isStatic="false" isGetter="false" isSetter="false">
              <Summary numSequencePoints="2" visitedSequencePoints="0" numBranchPoints="1" visitedBranchPoints="0" sequenceCoverage="0" branchCoverage="0" maxCyclomaticComplexity="1" minCyclomaticComplexity="1" maxCrapScore="2" minCrapScore="2" visitedClasses="0" numClasses="0" visitedMethods="0" numMethods="1" />
              <MetadataToken>100663314</MetadataToken>
              <Name>System.Void Kviz.PocetniPrikaz::PocetniPrikaz_Load(System.Object,System.EventArgs)</Name>
              <FileRef uid="8" />
              <SequencePoints>
                <SequencePoint vc="0" uspid="309" ordinal="0" offset="0" sl="44" sc="9" el="44" ec="10" bec="0" bev="0" fileid="8" />
                <SequencePoint vc="0" uspid="310" ordinal="1" offset="1" sl="46" sc="9" el="46" ec="10" bec="0" bev="0" fileid="8" />
              </SequencePoints>
              <BranchPoints />
              <MethodPoint xsi:type="SequencePoint" vc="0" uspid="309" ordinal="0" offset="0" sl="44" sc="9" el="44" ec="10" bec="0" bev="0" fileid="8" />
            </Method>
            <Method visited="true" cyclomaticComplexity="2" nPathComplexity="0" sequenceCoverage="20" branchCoverage="100" crapScore="4.05" isConstructor="false" isStatic="false" isGetter="false" isSetter="false">
              <Summary numSequencePoints="10" visitedSequencePoints="2" numBranchPoints="1" visitedBranchPoints="1" sequenceCoverage="20" branchCoverage="100" maxCyclomaticComplexity="2" minCyclomaticComplexity="2" maxCrapScore="4.05" minCrapScore="4.05" visitedClasses="0" numClasses="0" visitedMethods="1" numMethods="1" />
              <MetadataToken>100663315</MetadataToken>
              <Name>System.Void Kviz.PocetniPrikaz::UcitajRezultate()</Name>
              <FileRef uid="8" />
              <SequencePoints>
                <SequencePoint vc="1" uspid="311" ordinal="0" offset="0" sl="50" sc="9" el="50" ec="10" bec="0" bev="0" fileid="8" />
                <SequencePoint vc="1" uspid="312" ordinal="1" offset="1" sl="51" sc="13" el="51" ec="72" bec="0" bev="0" fileid="8" />
                <SequencePoint vc="0" uspid="313" ordinal="2" offset="12" sl="53" sc="13" el="53" ec="20" bec="0" bev="0" fileid="8" />
                <SequencePoint vc="0" uspid="314" ordinal="3" offset="13" sl="53" sc="39" el="53" ec="51" bec="0" bev="0" fileid="8" />
                <SequencePoint vc="0" uspid="315" ordinal="4" offset="19" sl="53" sc="22" el="53" ec="35" bec="0" bev="0" fileid="8" />
                <SequencePoint vc="0" uspid="316" ordinal="5" offset="23" sl="54" sc="13" el="54" ec="14" bec="0" bev="0" fileid="8" />
                <SequencePoint vc="0" uspid="317" ordinal="6" offset="24" sl="55" sc="17" el="55" ec="45" bec="0" bev="0" fileid="8" />
                <SequencePoint vc="0" uspid="318" ordinal="7" offset="42" sl="56" sc="13" el="56" ec="14" bec="0" bev="0" fileid="8" />
                <SequencePoint vc="0" uspid="319" ordinal="8" offset="47" sl="53" sc="36" el="53" ec="38" bec="0" bev="0" fileid="8" />
                <SequencePoint vc="0" uspid="320" ordinal="9" offset="53" sl="59" sc="9" el="59" ec="10" bec="0" bev="0" fileid="8" />
              </SequencePoints>
              <BranchPoints />
              <MethodPoint xsi:type="SequencePoint" vc="1" uspid="311" ordinal="0" offset="0" sl="50" sc="9" el="50" ec="10" bec="0" bev="0" fileid="8" />
            </Method>
            <Method visited="false" cyclomaticComplexity="1" nPathComplexity="0" sequenceCoverage="0" branchCoverage="0" crapScore="2" isConstructor="false" isStatic="false" isGetter="false" isSetter="false">
              <Summary numSequencePoints="2" visitedSequencePoints="0" numBranchPoints="1" visitedBranchPoints="0" sequenceCoverage="0" branchCoverage="0" maxCyclomaticComplexity="1" minCyclomaticComplexity="1" maxCrapScore="2" minCrapScore="2" visitedClasses="0" numClasses="0" visitedMethods="0" numMethods="1" />
              <MetadataToken>100663316</MetadataToken>
              <Name>System.Void Kviz.PocetniPrikaz::unosImenatxt_TextChanged(System.Object,System.EventArgs)</Name>
              <FileRef uid="8" />
              <SequencePoints>
                <SequencePoint vc="0" uspid="323" ordinal="0" offset="0" sl="62" sc="9" el="62" ec="10" bec="0" bev="0" fileid="8" />
                <SequencePoint vc="0" uspid="324" ordinal="1" offset="1" sl="64" sc="9" el="64" ec="10" bec="0" bev="0" fileid="8" />
              </SequencePoints>
              <BranchPoints />
              <MethodPoint xsi:type="SequencePoint" vc="0" uspid="323" ordinal="0" offset="0" sl="62" sc="9" el="62" ec="10" bec="0" bev="0" fileid="8" />
            </Method>
            <Method visited="true" cyclomaticComplexity="3" nPathComplexity="4" sequenceCoverage="57.14" branchCoverage="60" crapScore="3.71" isConstructor="false" isStatic="false" isGetter="false" isSetter="false">
              <Summary numSequencePoints="7" visitedSequencePoints="4" numBranchPoints="5" visitedBranchPoints="3" sequenceCoverage="57.14" branchCoverage="60" maxCyclomaticComplexity="3" minCyclomaticComplexity="3" maxCrapScore="3.71" minCrapScore="3.71" visitedClasses="0" numClasses="0" visitedMethods="1" numMethods="1" />
              <MetadataToken>100663317</MetadataToken>
              <Name>System.Void Kviz.PocetniPrikaz::Dispose(System.Boolean)</Name>
              <FileRef uid="9" />
              <SequencePoints>
                <SequencePoint vc="1" uspid="325" ordinal="0" offset="0" sl="16" sc="9" el="16" ec="10" bec="0" bev="0" fileid="9" />
                <SequencePoint vc="1" uspid="326" ordinal="1" offset="1" sl="17" sc="13" el="17" ec="51" bec="4" bev="2" fileid="9" />
                <SequencePoint vc="0" uspid="327" ordinal="2" offset="20" sl="18" sc="13" el="18" ec="14" bec="0" bev="0" fileid="9" />
                <SequencePoint vc="0" uspid="328" ordinal="3" offset="21" sl="19" sc="17" el="19" ec="38" bec="0" bev="0" fileid="9" />
                <SequencePoint vc="0" uspid="329" ordinal="4" offset="33" sl="20" sc="13" el="20" ec="14" bec="0" bev="0" fileid="9" />
                <SequencePoint vc="1" uspid="330" ordinal="5" offset="34" sl="21" sc="13" el="21" ec="37" bec="0" bev="0" fileid="9" />
                <SequencePoint vc="1" uspid="331" ordinal="6" offset="42" sl="22" sc="9" el="22" ec="10" bec="0" bev="0" fileid="9" />
              </SequencePoints>
              <BranchPoints>
                <BranchPoint vc="0" uspid="332" ordinal="0" offset="2" sl="17" path="0" offsetend="4" fileid="9" />
                <BranchPoint vc="1" uspid="333" ordinal="1" offset="2" sl="17" path="1" offsetend="15" fileid="9" />
                <BranchPoint vc="0" uspid="334" ordinal="2" offset="18" sl="17" path="0" offsetend="20" fileid="9" />
                <BranchPoint vc="1" uspid="335" ordinal="3" offset="18" sl="17" path="1" offsetend="34" fileid="9" />
              </BranchPoints>
              <MethodPoint xsi:type="SequencePoint" vc="1" uspid="325" ordinal="0" offset="0" sl="16" sc="9" el="16" ec="10" bec="0" bev="0" fileid="9" />
            </Method>
            <Method visited="true" cyclomaticComplexity="1" nPathComplexity="0" sequenceCoverage="100" branchCoverage="100" crapScore="1" isConstructor="false" isStatic="false" isGetter="false" isSetter="false">
              <Summary numSequencePoints="62" visitedSequencePoints="62" numBranchPoints="1" visitedBranchPoints="1" sequenceCoverage="100" branchCoverage="100" maxCyclomaticComplexity="1" minCyclomaticComplexity="1" maxCrapScore="1" minCrapScore="1" visitedClasses="0" numClasses="0" visitedMethods="1" numMethods="1" />
              <MetadataToken>100663318</MetadataToken>
              <Name>System.Void Kviz.PocetniPrikaz::InitializeComponent()</Name>
              <FileRef uid="9" />
              <SequencePoints>
                <SequencePoint vc="1" uspid="336" ordinal="0" offset="0" sl="31" sc="9" el="31" ec="10" bec="0" bev="0" fileid="9" />
                <SequencePoint vc="1" uspid="337" ordinal="1" offset="1" sl="32" sc="13" el="32" ec="68" bec="0" bev="0" fileid="9" />
                <SequencePoint vc="1" uspid="338" ordinal="2" offset="12" sl="33" sc="13" el="33" ec="60" bec="0" bev="0" fileid="9" />
                <SequencePoint vc="1" uspid="339" ordinal="3" offset="23" sl="34" sc="13" el="34" ec="66" bec="0" bev="0" fileid="9" />
                <SequencePoint vc="1" uspid="340" ordinal="4" offset="34" sl="35" sc="13" el="35" ec="68" bec="0" bev="0" fileid="9" />
                <SequencePoint vc="1" uspid="341" ordinal="5" offset="45" sl="36" sc="13" el="36" ec="34" bec="0" bev="0" fileid="9" />
                <SequencePoint vc="1" uspid="342" ordinal="6" offset="52" sl="40" sc="13" el="40" ec="160" bec="0" bev="0" fileid="9" />
                <SequencePoint vc="1" uspid="343" ordinal="7" offset="82" sl="41" sc="13" el="41" ec="77" bec="0" bev="0" fileid="9" />
                <SequencePoint vc="1" uspid="344" ordinal="8" offset="106" sl="42" sc="13" el="42" ec="53" bec="0" bev="0" fileid="9" />
                <SequencePoint vc="1" uspid="345" ordinal="9" offset="123" sl="43" sc="13" el="43" ec="71" bec="0" bev="0" fileid="9" />
                <SequencePoint vc="1" uspid="346" ordinal="10" offset="147" sl="44" sc="13" el="44" ec="44" bec="0" bev="0" fileid="9" />
                <SequencePoint vc="1" uspid="347" ordinal="11" offset="160" sl="45" sc="13" el="45" ec="101" bec="0" bev="0" fileid="9" />
                <SequencePoint vc="1" uspid="348" ordinal="12" offset="184" sl="49" sc="13" el="49" ec="41" bec="0" bev="0" fileid="9" />
                <SequencePoint vc="1" uspid="349" ordinal="13" offset="197" sl="50" sc="13" el="50" ec="73" bec="0" bev="0" fileid="9" />
                <SequencePoint vc="1" uspid="350" ordinal="14" offset="214" sl="51" sc="13" el="51" ec="154" bec="0" bev="0" fileid="9" />
                <SequencePoint vc="1" uspid="351" ordinal="15" offset="244" sl="52" sc="13" el="52" ec="71" bec="0" bev="0" fileid="9" />
                <SequencePoint vc="1" uspid="352" ordinal="16" offset="268" sl="53" sc="13" el="53" ec="41" bec="0" bev="0" fileid="9" />
                <SequencePoint vc="1" uspid="353" ordinal="17" offset="285" sl="54" sc="13" el="54" ec="64" bec="0" bev="0" fileid="9" />
                <SequencePoint vc="1" uspid="354" ordinal="18" offset="306" sl="55" sc="13" el="55" ec="38" bec="0" bev="0" fileid="9" />
                <SequencePoint vc="1" uspid="355" ordinal="19" offset="319" sl="56" sc="13" el="56" ec="38" bec="0" bev="0" fileid="9" />
                <SequencePoint vc="1" uspid="356" ordinal="20" offset="336" sl="60" sc="13" el="60" ec="157" bec="0" bev="0" fileid="9" />
                <SequencePoint vc="1" uspid="357" ordinal="21" offset="366" sl="61" sc="13" el="61" ec="50" bec="0" bev="0" fileid="9" />
                <SequencePoint vc="1" uspid="358" ordinal="22" offset="379" sl="62" sc="13" el="62" ec="74" bec="0" bev="0" fileid="9" />
                <SequencePoint vc="1" uspid="359" ordinal="23" offset="406" sl="63" sc="13" el="63" ec="47" bec="0" bev="0" fileid="9" />
                <SequencePoint vc="1" uspid="360" ordinal="24" offset="423" sl="64" sc="13" el="64" ec="69" bec="0" bev="0" fileid="9" />
                <SequencePoint vc="1" uspid="361" ordinal="25" offset="450" sl="65" sc="13" el="65" ec="41" bec="0" bev="0" fileid="9" />
                <SequencePoint vc="1" uspid="362" ordinal="26" offset="463" sl="66" sc="13" el="66" ec="68" bec="0" bev="0" fileid="9" />
                <SequencePoint vc="1" uspid="363" ordinal="27" offset="476" sl="67" sc="13" el="67" ec="66" bec="0" bev="0" fileid="9" />
                <SequencePoint vc="1" uspid="364" ordinal="28" offset="489" sl="71" sc="13" el="71" ec="75" bec="0" bev="0" fileid="9" />
                <SequencePoint vc="1" uspid="365" ordinal="29" offset="506" sl="72" sc="13" el="72" ec="70" bec="0" bev="0" fileid="9" />
                <SequencePoint vc="1" uspid="366" ordinal="30" offset="523" sl="73" sc="13" el="73" ec="80" bec="0" bev="0" fileid="9" />
                <SequencePoint vc="1" uspid="367" ordinal="31" offset="540" sl="74" sc="13" el="74" ec="78" bec="0" bev="0" fileid="9" />
                <SequencePoint vc="1" uspid="368" ordinal="32" offset="553" sl="75" sc="13" el="75" ec="159" bec="0" bev="0" fileid="9" />
                <SequencePoint vc="1" uspid="369" ordinal="33" offset="583" sl="76" sc="13" el="76" ec="72" bec="0" bev="0" fileid="9" />
                <SequencePoint vc="1" uspid="370" ordinal="34" offset="600" sl="77" sc="13" el="77" ec="76" bec="0" bev="0" fileid="9" />
                <SequencePoint vc="1" uspid="371" ordinal="35" offset="627" sl="78" sc="13" el="78" ec="51" bec="0" bev="0" fileid="9" />
                <SequencePoint vc="1" uspid="372" ordinal="36" offset="644" sl="79" sc="13" el="79" ec="77" bec="0" bev="0" fileid="9" />
                <SequencePoint vc="1" uspid="373" ordinal="37" offset="661" sl="80" sc="13" el="80" ec="87" bec="0" bev="0" fileid="9" />
                <SequencePoint vc="1" uspid="374" ordinal="38" offset="678" sl="81" sc="13" el="81" ec="80" bec="0" bev="0" fileid="9" />
                <SequencePoint vc="1" uspid="375" ordinal="39" offset="695" sl="82" sc="13" el="82" ec="70" bec="0" bev="0" fileid="9" />
                <SequencePoint vc="1" uspid="376" ordinal="40" offset="719" sl="83" sc="13" el="83" ec="43" bec="0" bev="0" fileid="9" />
                <SequencePoint vc="1" uspid="377" ordinal="41" offset="732" sl="84" sc="13" el="84" ec="52" bec="0" bev="0" fileid="9" />
                <SequencePoint vc="1" uspid="378" ordinal="42" offset="749" sl="85" sc="13" el="85" ec="69" bec="0" bev="0" fileid="9" />
                <SequencePoint vc="1" uspid="379" ordinal="43" offset="766" sl="86" sc="13" el="86" ec="62" bec="0" bev="0" fileid="9" />
                <SequencePoint vc="1" uspid="380" ordinal="44" offset="779" sl="87" sc="13" el="87" ec="87" bec="0" bev="0" fileid="9" />
[...]
            </Method>
            <Method visited="true" cyclomaticComplexity="1" nPathComplexity="0" sequenceCoverage="100" branchCoverage="100" crapScore="1" isConstructor="false" isStatic="false" isGetter="false" isSetter="true">
              <Summary numSequencePoints="4" visitedSequencePoints="4" numBranchPoints="1" visitedBranchPoints="1" sequenceCoverage="100" branchCoverage="100" maxCyclomaticComplexity="1" minCyclomaticComplexity="1" maxCrapScore="1" minCrapScore="1" visitedClasses="0" numClasses="0" visitedMethods="1" numMethods="1" />
              <MetadataToken>100663342</MetadataToken>
              <Name>System.Void ePOSOne.btnProduct.Button_WOC::set_ButtonColor(System.Drawing.Color)</Name>
              <FileRef uid="14" />
              <SequencePoints>
                <SequencePoint vc="1" uspid="483" ordinal="0" offset="0" sl="92" sc="13" el="92" ec="14" bec="0" bev="0" fileid="14" />
                <SequencePoint vc="1" uspid="484" ordinal="1" offset="1" sl="93" sc="17" el="93" ec="38" bec="0" bev="0" fileid="14" />
                <SequencePoint vc="1" uspid="485" ordinal="2" offset="8" sl="94" sc="17" el="94" ec="30" bec="0" bev="0" fileid="14" />
                <SequencePoint vc="1" uspid="486" ordinal="3" offset="15" sl="95" sc="13" el="95" ec="14" bec="0" bev="0" fileid="14" />
              </SequencePoints>
              <BranchPoints />
              <MethodPoint xsi:type="SequencePoint" vc="1" uspid="483" ordinal="0" offset="0" sl="92" sc="13" el="92" ec="14" bec="0" bev="0" fileid="14" />
            </Method>
            <Method visited="false" cyclomaticComplexity="1" nPathComplexity="0" sequenceCoverage="0" branchCoverage="0" crapScore="2" isConstructor="false" isStatic="false" isGetter="true" isSetter="false">
              <Summary numSequencePoints="1" visitedSequencePoints="0" numBranchPoints="1" visitedBranchPoints="0" sequenceCoverage="0" branchCoverage="0" maxCyclomaticComplexity="1" minCyclomaticComplexity="1" maxCrapScore="2" minCrapScore="2" visitedClasses="0" numClasses="0" visitedMethods="0" numMethods="1" />
              <MetadataToken>100663343</MetadataToken>
              <Name>System.Drawing.Color ePOSOne.btnProduct.Button_WOC::get_OnHoverButtonColor()</Name>
              <FileRef uid="14" />
              <SequencePoints>
                <SequencePoint vc="0" uspid="487" ordinal="0" offset="0" sl="100" sc="20" el="100" ec="39" bec="0" bev="0" fileid="14" />
              </SequencePoints>
              <BranchPoints />
              <MethodPoint xsi:type="SequencePoint" vc="0" uspid="487" ordinal="0" offset="0" sl="100" sc="20" el="100" ec="39" bec="0" bev="0" fileid="14" />
            </Method>
            <Method visited="true" cyclomaticComplexity="1" nPathComplexity="0" sequenceCoverage="100" branchCoverage="100" crapScore="1" isConstructor="false" isStatic="false" isGetter="false" isSetter="true">
              <Summary numSequencePoints="4" visitedSequencePoints="4" numBranchPoints="1" visitedBranchPoints="1" sequenceCoverage="100" branchCoverage="100" maxCyclomaticComplexity="1" minCyclomaticComplexity="1" maxCrapScore="1" minCrapScore="1" visitedClasses="0" numClasses="0" visitedMethods="1" numMethods="1" />
              <MetadataToken>100663344</MetadataToken>
              <Name>System.Void ePOSOne.btnProduct.Button_WOC::set_OnHoverButtonColor(System.Drawing.Color)</Name>
              <FileRef uid="14" />
              <SequencePoints>
                <SequencePoint vc="1" uspid="488" ordinal="0" offset="0" sl="102" sc="13" el="102" ec="14" bec="0" bev="0" fileid="14" />
                <SequencePoint vc="1" uspid="489" ordinal="1" offset="1" sl="103" sc="17" el="103" ec="45" bec="0" bev="0" fileid="14" />
                <SequencePoint vc="1" uspid="490" ordinal="2" offset="8" sl="104" sc="17" el="104" ec="30" bec="0" bev="0" fileid="14" />
                <SequencePoint vc="1" uspid="491" ordinal="3" offset="15" sl="105" sc="13" el="105" ec="14" bec="0" bev="0" fileid="14" />
              </SequencePoints>
              <BranchPoints />
              <MethodPoint xsi:type="SequencePoint" vc="1" uspid="488" ordinal="0" offset="0" sl="102" sc="13" el="102" ec="14" bec="0" bev="0" fileid="14" />
            </Method>
            <Method visited="false" cyclomaticComplexity="1" nPathComplexity="0" sequenceCoverage="0" branchCoverage="0" crapScore="2" isConstructor="false" isStatic="false" isGetter="true" isSetter="false">
              <Summary numSequencePoints="1" visitedSequencePoints="0" numBranchPoints="1" visitedBranchPoints="0" sequenceCoverage="0" branchCoverage="0" maxCyclomaticComplexity="1" minCyclomaticComplexity="1" maxCrapScore="2" minCrapScore="2" visitedClasses="0" numClasses="0" visitedMethods="0" numMethods="1" />
              <MetadataToken>100663345</MetadataToken>
              <Name>System.Drawing.Color ePOSOne.btnProduct.Button_WOC::get_TextColor()</Name>
              <FileRef uid="14" />
              <SequencePoints>
                <SequencePoint vc="0" uspid="492" ordinal="0" offset="0" sl="110" sc="20" el="110" ec="30" bec="0" bev="0" fileid="14" />
              </SequencePoints>
              <BranchPoints />
              <MethodPoint xsi:type="SequencePoint" vc="0" uspid="492" ordinal="0" offset="0" sl="110" sc="20" el="110" ec="30" bec="0" bev="0" fileid="14" />
            </Method>
            <Method visited="true" cyclomaticComplexity="1" nPathComplexity="0" sequenceCoverage="100" branchCoverage="100" crapScore="1" isConstructor="false" isStatic="false" isGetter="false" isSetter="true">
              <Summary numSequencePoints="4" visitedSequencePoints="4" numBranchPoints="1" visitedBranchPoints="1" sequenceCoverage="100" branchCoverage="100" maxCyclomaticComplexity="1" minCyclomaticComplexity="1" maxCrapScore="1" minCrapScore="1" visitedClasses="0" numClasses="0" visitedMethods="1" numMethods="1" />
              <MetadataToken>100663346</MetadataToken>
              <Name>System.Void ePOSOne.btnProduct.Button_WOC::set_TextColor(System.Drawing.Color)</Name>
              <FileRef uid="14" />
              <SequencePoints>
                <SequencePoint vc="1" uspid="493" ordinal="0" offset="0" sl="112" sc="13" el="112" ec="14" bec="0" bev="0" fileid="14" />
                <SequencePoint vc="1" uspid="494" ordinal="1" offset="1" sl="113" sc="17" el="113" ec="36" bec="0" bev="0" fileid="14" />
                <SequencePoint vc="1" uspid="495" ordinal="2" offset="8" sl="114" sc="17" el="114" ec="30" bec="0" bev="0" fileid="14" />
                <SequencePoint vc="1" uspid="496" ordinal="3" offset="15" sl="115" sc="13" el="115" ec="14" bec="0" bev="0" fileid="14" />
              </SequencePoints>
              <BranchPoints />
              <MethodPoint xsi:type="SequencePoint" vc="1" uspid="493" ordinal="0" offset="0" sl="112" sc="13" el="112" ec="14" bec="0" bev="0" fileid="14" />
            </Method>
            <Method visited="false" cyclomaticComplexity="1" nPathComplexity="0" sequenceCoverage="0" branchCoverage="0" crapScore="2" isConstructor="false" isStatic="false" isGetter="true" isSetter="false">
              <Summary numSequencePoints="1" visitedSequencePoints="0" numBranchPoints="1" visitedBranchPoints="0" sequenceCoverage="0" branchCoverage="0" maxCyclomaticComplexity="1" minCyclomaticComplexity="1" maxCrapScore="2" minCrapScore="2" visitedClasses="0" numClasses="0" visitedMethods="0" numMethods="1" />
              <MetadataToken>100663347</MetadataToken>
              <Name>System.Drawing.Color ePOSOne.btnProduct.Button_WOC::get_OnHoverTextColor()</Name>
              <FileRef uid="14" />
              <SequencePoints>
                <SequencePoint vc="0" uspid="497" ordinal="0" offset="0" sl="120" sc="20" el="120" ec="37" bec="0" bev="0" fileid="14" />
              </SequencePoints>
              <BranchPoints />
              <MethodPoint xsi:type="SequencePoint" vc="0" uspid="497" ordinal="0" offset="0" sl="120" sc="20" el="120" ec="37" bec="0" bev="0" fileid="14" />
            </Method>
            <Method visited="true" cyclomaticComplexity="1" nPathComplexity="0" sequenceCoverage="100" branchCoverage="100" crapScore="1" isConstructor="false" isStatic="false" isGetter="false" isSetter="true">
              <Summary numSequencePoints="4" visitedSequencePoints="4" numBranchPoints="1" visitedBranchPoints="1" sequenceCoverage="100" branchCoverage="100" maxCyclomaticComplexity="1" minCyclomaticComplexity="1" maxCrapScore="1" minCrapScore="1" visitedClasses="0" numClasses="0" visitedMethods="1" numMethods="1" />
              <MetadataToken>100663348</MetadataToken>
              <Name>System.Void ePOSOne.btnProduct.Button_WOC::set_OnHoverTextColor(System.Drawing.Color)</Name>
              <FileRef uid="14" />
              <SequencePoints>
                <SequencePoint vc="1" uspid="498" ordinal="0" offset="0" sl="122" sc="13" el="122" ec="14" bec="0" bev="0" fileid="14" />
                <SequencePoint vc="1" uspid="499" ordinal="1" offset="1" sl="123" sc="17" el="123" ec="43" bec="0" bev="0" fileid="14" />
                <SequencePoint vc="1" uspid="500" ordinal="2" offset="8" sl="124" sc="17" el="124" ec="30" bec="0" bev="0" fileid="14" />
                <SequencePoint vc="1" uspid="501" ordinal="3" offset="15" sl="125" sc="13" el="125" ec="14" bec="0" bev="0" fileid="14" />
              </SequencePoints>
              <BranchPoints />
              <MethodPoint xsi:type="SequencePoint" vc="1" uspid="498" ordinal="0" offset="0" sl="122" sc="13" el="122" ec="14" bec="0" bev="0" fileid="14" />
            </Method>
            <Method visited="true" cyclomaticComplexity="1" nPathComplexity="0" sequenceCoverage="100" branchCoverage="100" crapScore="1" isConstructor="true" isStatic="false" isGetter="false" isSetter="false">
              <Summary numSequencePoints="14" visitedSequencePoints="14" numBranchPoints="1" visitedBranchPoints="1" sequenceCoverage="100" branchCoverage="100" maxCyclomaticComplexity="1" minCyclomaticComplexity="1" maxCrapScore="1" minCrapScore="1" visitedClasses="0" numClasses="0" visitedMethods="1" numMethods="1" />
              <MetadataToken>100663335</MetadataToken>
              <Name>System.Void ePOSOne.btnProduct.Button_WOC::.ctor()</Name>
              <FileRef uid="14" />
              <SequencePoints>
                <SequencePoint vc="1" uspid="502" ordinal="0" offset="0" sl="8" sc="9" el="8" ec="51" bec="0" bev="0" fileid="14" />
                <SequencePoint vc="1" uspid="503" ordinal="1" offset="11" sl="9" sc="9" el="9" ec="56" bec="0" bev="0" fileid="14" />
                <SequencePoint vc="1" uspid="504" ordinal="2" offset="22" sl="10" sc="9" el="10" ec="48" bec="0" bev="0" fileid="14" />
                <SequencePoint vc="1" uspid="505" ordinal="3" offset="33" sl="11" sc="9" el="11" ec="58" bec="0" bev="0" fileid="14" />
                <SequencePoint vc="1" uspid="506" ordinal="4" offset="44" sl="12" sc="9" el="12" ec="48" bec="0" bev="0" fileid="14" />
                <SequencePoint vc="1" uspid="507" ordinal="5" offset="55" sl="13" sc="9" el="13" ec="54" bec="0" bev="0" fileid="14" />
                <SequencePoint vc="1" uspid="508" ordinal="6" offset="66" sl="16" sc="9" el="16" ec="42" bec="0" bev="0" fileid="14" />
                <SequencePoint vc="1" uspid="509" ordinal="7" offset="73" sl="17" sc="9" el="17" ec="47" bec="0" bev="0" fileid="14" />
                <SequencePoint vc="1" uspid="510" ordinal="8" offset="80" sl="20" sc="9" el="20" ec="28" bec="0" bev="0" fileid="14" />
                <SequencePoint vc="1" uspid="511" ordinal="9" offset="87" sl="21" sc="9" el="21" ec="10" bec="0" bev="0" fileid="14" />
                <SequencePoint vc="1" uspid="512" ordinal="10" offset="88" sl="22" sc="13" el="22" ec="35" bec="0" bev="0" fileid="14" />
                <SequencePoint vc="1" uspid="513" ordinal="11" offset="96" sl="23" sc="13" el="27" ec="15" bec="0" bev="0" fileid="14" />
                <SequencePoint vc="1" uspid="514" ordinal="12" offset="115" sl="28" sc="13" el="32" ec="15" bec="0" bev="0" fileid="14" />
                <SequencePoint vc="1" uspid="515" ordinal="13" offset="134" sl="33" sc="9" el="33" ec="10" bec="0" bev="0" fileid="14" />
              </SequencePoints>
              <BranchPoints />
              <MethodPoint xsi:type="SequencePoint" vc="1" uspid="502" ordinal="0" offset="0" sl="8" sc="9" el="8" ec="51" bec="0" bev="0" fileid="14" />
            </Method>
            <Method visited="false" cyclomaticComplexity="7" nPathComplexity="8" sequenceCoverage="0" branchCoverage="0" crapScore="56" isConstructor="false" isStatic="false" isGetter="false" isSetter="false">
              <Summary numSequencePoints="18" visitedSequencePoints="0" numBranchPoints="7" visitedBranchPoints="0" sequenceCoverage="0" branchCoverage="0" maxCyclomaticComplexity="7" minCyclomaticComplexity="7" maxCrapScore="56" minCrapScore="56" visitedClasses="0" numClasses="0" visitedMethods="0" numMethods="1" />
              <MetadataToken>100663336</MetadataToken>
              <Name>System.Void ePOSOne.btnProduct.Button_WOC::OnPaint(System.Windows.Forms.PaintEventArgs)</Name>
              <FileRef uid="14" />
              <SequencePoints>
                <SequencePoint vc="0" uspid="516" ordinal="0" offset="0" sl="37" sc="9" el="37" ec="10" bec="0" bev="0" fileid="14" />
                <SequencePoint vc="0" uspid="517" ordinal="1" offset="1" sl="38" sc="13" el="38" ec="29" bec="0" bev="0" fileid="14" />
                <SequencePoint vc="0" uspid="518" ordinal="2" offset="9" sl="39" sc="13" el="39" ec="37" bec="0" bev="0" fileid="14" />
                <SequencePoint vc="0" uspid="519" ordinal="3" offset="16" sl="40" sc="13" el="40" ec="80" bec="0" bev="0" fileid="14" />
                <SequencePoint vc="0" uspid="520" ordinal="4" offset="24" sl="41" sc="13" el="41" ec="92" bec="2" bev="0" fileid="14" />
                <SequencePoint vc="0" uspid="521" ordinal="5" offset="52" sl="44" sc="13" el="44" ec="56" bec="0" bev="0" fileid="14" />
                <SequencePoint vc="0" uspid="522" ordinal="6" offset="74" sl="45" sc="13" el="45" ec="69" bec="0" bev="0" fileid="14" />
                <SequencePoint vc="0" uspid="523" ordinal="7" offset="108" sl="46" sc="13" el="46" ec="75" bec="0" bev="0" fileid="14" />
                <SequencePoint vc="0" uspid="524" ordinal="8" offset="144" sl="48" sc="13" el="48" ec="29" bec="0" bev="0" fileid="14" />
                <SequencePoint vc="0" uspid="525" ordinal="9" offset="151" sl="49" sc="13" el="49" ec="86" bec="2" bev="0" fileid="14" />
                <SequencePoint vc="0" uspid="526" ordinal="10" offset="179" sl="52" sc="13" el="53" ec="44" bec="0" bev="0" fileid="14" />
                <SequencePoint vc="0" uspid="527" ordinal="11" offset="225" sl="54" sc="13" el="55" ec="71" bec="0" bev="0" fileid="14" />
                <SequencePoint vc="0" uspid="528" ordinal="12" offset="285" sl="56" sc="13" el="57" ec="79" bec="0" bev="0" fileid="14" />
                <SequencePoint vc="0" uspid="529" ordinal="13" offset="347" sl="59" sc="13" el="59" ec="29" bec="0" bev="0" fileid="14" />
                <SequencePoint vc="0" uspid="530" ordinal="14" offset="354" sl="60" sc="13" el="60" ec="82" bec="2" bev="0" fileid="14" />
                <SequencePoint vc="0" uspid="531" ordinal="15" offset="382" sl="63" sc="13" el="63" ec="60" bec="0" bev="0" fileid="14" />
                <SequencePoint vc="0" uspid="532" ordinal="16" offset="401" sl="64" sc="13" el="64" ec="111" bec="0" bev="0" fileid="14" />
                <SequencePoint vc="0" uspid="533" ordinal="17" offset="463" sl="65" sc="9" el="65" ec="10" bec="0" bev="0" fileid="14" />
              </SequencePoints>
              <BranchPoints>
                <BranchPoint vc="0" uspid="534" ordinal="0" offset="30" sl="41" path="0" offsetend="32" fileid="14" />
                <BranchPoint vc="0" uspid="535" ordinal="1" offset="30" sl="41" path="1" offsetend="40" fileid="14" />
                <BranchPoint vc="0" uspid="536" ordinal="2" offset="157" sl="49" path="0" offsetend="159" fileid="14" />
                <BranchPoint vc="0" uspid="537" ordinal="3" offset="157" sl="49" path="1" offsetend="167" fileid="14" />
                <BranchPoint vc="0" uspid="538" ordinal="4" offset="360" sl="60" path="0" offsetend="362" fileid="14" />
                <BranchPoint vc="0" uspid="539" ordinal="5" offset="360" sl="60" path="1" offsetend="370" fileid="14" />
              </BranchPoints>
              <MethodPoint xsi:type="SequencePoint" vc="0" uspid="516" ordinal="0" offset="0" sl="37" sc="9" el="37" ec="10" bec="0" bev="0" fileid="14" />
            </Method>
            <Method visited="false" cyclomaticComplexity="1" nPathComplexity="0" sequenceCoverage="0" branchCoverage="0" crapScore="2" isConstructor="false" isStatic="false" isGetter="false" isSetter="false">
              <Summary numSequencePoints="4" visitedSequencePoints="0" numBranchPoints="1" visitedBranchPoints="0" sequenceCoverage="0" branchCoverage="0" maxCyclomaticComplexity="1" minCyclomaticComplexity="1" maxCrapScore="2" minCrapScore="2" visitedClasses="0" numClasses="0" visitedMethods="0" numMethods="1" />
              <MetadataToken>100663349</MetadataToken>
              <Name>System.Void ePOSOne.btnProduct.Button_WOC::&lt;.ctor&gt;b__9_0(System.Object,System.EventArgs)</Name>
              <FileRef uid="14" />
              <SequencePoints>
                <SequencePoint vc="0" uspid="540" ordinal="0" offset="0" sl="24" sc="13" el="24" ec="14" bec="0" bev="0" fileid="14" />
                <SequencePoint vc="0" uspid="541" ordinal="1" offset="1" sl="25" sc="17" el="25" ec="36" bec="0" bev="0" fileid="14" />
                <SequencePoint vc="0" uspid="542" ordinal="2" offset="8" sl="26" sc="17" el="26" ec="30" bec="0" bev="0" fileid="14" />
                <SequencePoint vc="0" uspid="543" ordinal="3" offset="15" sl="27" sc="13" el="27" ec="14" bec="0" bev="0" fileid="14" />
              </SequencePoints>
              <BranchPoints />
              <MethodPoint xsi:type="SequencePoint" vc="0" uspid="540" ordinal="0" offset="0" sl="24" sc="13" el="24" ec="14" bec="0" bev="0" fileid="14" />
            </Method>
            <Method visited="false" cyclomaticComplexity="1" nPathComplexity="0" sequenceCoverage="0" branchCoverage="0" crapScore="2" isConstructor="false" isStatic="false" isGetter="false" isSetter="false">
              <Summary numSequencePoints="4" visitedSequencePoints="0" numBranchPoints="1" visitedBranchPoints="0" sequenceCoverage="0" branchCoverage="0" maxCyclomaticComplexity="1" minCyclomaticComplexity="1" maxCrapScore="2" minCrapScore="2" visitedClasses="0" numClasses="0" visitedMethods="0" numMethods="1" />
              <MetadataToken>100663350</MetadataToken>
              <Name>System.Void ePOSOne.btnProduct.Button_WOC::&lt;.ctor&gt;b__9_1(System.Object,System.EventArgs)</Name>
              <FileRef uid="14" />
              <SequencePoints>
                <SequencePoint vc="0" uspid="544" ordinal="0" offset="0" sl="29" sc="13" el="29" ec="14" bec="0" bev="0" fileid="14" />
                <SequencePoint vc="0" uspid="545" ordinal="1" offset="1" sl="30" sc="17" el="30" ec="37" bec="0" bev="0" fileid="14" />
                <SequencePoint vc="0" uspid="546" ordinal="2" offset="8" sl="31" sc="17" el="31" ec="30" bec="0" bev="0" fileid="14" />
                <SequencePoint vc="0" uspid="547" ordinal="3" offset="15" sl="32" sc="13" el="32" ec="14" bec="0" bev="0" fileid="14" />
              </SequencePoints>
              <BranchPoints />
              <MethodPoint xsi:type="SequencePoint" vc="0" uspid="544" ordinal="0" offset="0" sl="29" sc="13" el="29" ec="14" bec="0" bev="0" fileid="14" />
            </Method>
          </Methods>
        </Class>
      </Classes>
    </Module>
  </Modules>
</CoverageSession>